#
# A fatal error has been detected by the Java Runtime Environment:
#
#  SIGSEGV (0xb) at pc=0x0000000106cd1320, pid=8770, tid=44803
#
# JRE version: Java(TM) SE Runtime Environment (8.0_51-b16) (build 1.8.0_51-b16)
# Java VM: Java HotSpot(TM) 64-Bit Server VM (25.51-b03 mixed mode bsd-amd64 compressed oops)
# Problematic frame:
# V  [libjvm.dylib+0xd1320]
#
# Failed to write core dump. Core dumps have been disabled. To enable core dumping, try "ulimit -c unlimited" before starting Java again
#
# If you would like to submit a bug report, please visit:
#   http://bugreport.java.com/bugreport/crash.jsp
#

---------------  T H R E A D  ---------------

Current thread (0x00007fd286800000):  JavaThread "20150827_234527_00002_tcmda.1.0-66-58" [_thread_in_vm, id=44803, stack(0x000000012bbaf000,0x000000012bcaf000)]

siginfo: si_signo: 11 (SIGSEGV), si_code: 1 (SEGV_MAPERR), si_addr: 0x0000000000000000

Registers:
RAX=0x0000000132df3c28, RBX=0x0000000131db7828, RCX=0x0000000131db7828, RDX=0x0000000000000000
RSP=0x000000012bcab470, RBP=0x000000012bcab480, RSI=0x0000000131db7828, RDI=0x0000000000000000
R8 =0x0000000132df3c48, R9 =0x00007fd286800000, R10=0x0000000000000001, R11=0x0000000000001405
R12=0x00007fd28a922620, R13=0x00000006c0c13a10, R14=0x00007fd2867d1290, R15=0x0000000000000000
RIP=0x0000000106cd1320, EFLAGS=0x0000000000010202, ERR=0x0000000000000004
  TRAPNO=0x000000000000000e

Top of Stack: (sp=0x000000012bcab470)
0x000000012bcab470:   0000000000000032 0000000131db7828
0x000000012bcab480:   000000012bcab4b0 0000000106cd1434
0x000000012bcab490:   0000000032de2450 0000000131db7828
0x000000012bcab4a0:   00000001073ea3c0 0000000000000012
0x000000012bcab4b0:   000000012bcab4d0 0000000106cd155e
0x000000012bcab4c0:   000000012bcab4f0 00007fd28a922960
0x000000012bcab4d0:   000000012bcab500 000000010702a346
0x000000012bcab4e0:   000000012bcab500 0000000000000012
0x000000012bcab4f0:   00007fd28a922910 0000000000000012
0x000000012bcab500:   000000012bcab530 000000010702d8b1
0x000000012bcab510:   000000012bcab530 00007fd28a922670
0x000000012bcab520:   00007fd286800000 0000000000000001
0x000000012bcab530:   000000012bcab570 000000010702da27
0x000000012bcab540:   0000000c2bcab6a8 000000012bcab720
0x000000012bcab550:   0000000000000004 00000006c0c13a10
0x000000012bcab560:   000000012bcab750 000000012bcab6e0
0x000000012bcab570:   000000012bcab5b0 0000000106ddf00d
0x000000012bcab580:   000000012bcab5bf 00007fd286800000
0x000000012bcab590:   0000000136595080 00000006c0c13a10
0x000000012bcab5a0:   000000012bcab6a8 00007fd28a922620
0x000000012bcab5b0:   000000012bcab600 00000001070bd75a
0x000000012bcab5c0:   000000012bcab5d0 0000000106d89797
0x000000012bcab5d0:   000000012bcab600 0000000106d88570
0x000000012bcab5e0:   00007fd286800000 0000000136595080
0x000000012bcab5f0:   00000007c0d1cee8 0000000132ef4850
0x000000012bcab600:   000000012bcab690 00000001070bdab5
0x000000012bcab610:   0000000000000003 0000000136595080
0x000000012bcab620:   000000012bcab6a8 0000000136595080
0x000000012bcab630:   000000012bcab680 0000000107184a21
0x000000012bcab640:   0000000132ef4a08 0000000132ef4850
0x000000012bcab650:   0000000132ef4a08 00007fd286800000
0x000000012bcab660:   000000012bcab680 00007fd286800000 

Instructions: (pc=0x0000000106cd1320)
0x0000000106cd1300:   89 43 18 4c 89 73 08 48 c7 43 10 01 00 00 00 5b
0x0000000106cd1310:   41 5e 5d c3 55 48 89 e5 53 48 83 ec 08 48 89 f1
0x0000000106cd1320:   48 3b 0f 48 8b 71 08 48 8b 51 10 48 89 f8 0f 85
0x0000000106cd1330:   ae 00 00 00 48 85 f6 75 14 48 c7 40 08 00 00 00 

Register to memory mapping:

RAX=0x0000000132df3c28 is pointing into metadata
RBX=0x0000000131db7828 is pointing into metadata
RCX=0x0000000131db7828 is pointing into metadata
RDX=0x0000000000000000 is an unknown value
RSP=0x000000012bcab470 is pointing into the stack for thread: 0x00007fd286800000
RBP=0x000000012bcab480 is pointing into the stack for thread: 0x00007fd286800000
RSI=0x0000000131db7828 is pointing into metadata
RDI=0x0000000000000000 is an unknown value
R8 =0x0000000132df3c48 is pointing into metadata
R9 =0x00007fd286800000 is a thread
R10=0x0000000000000001 is an unknown value
R11=0x0000000000001405 is an unknown value
R12=0x00007fd28a922620 is an unknown value
R13=0x00000006c0c13a10 is an oop
java.security.ProtectionDomain 
 - klass: 'java/security/ProtectionDomain'
R14=0x00007fd2867d1290 is an unknown value
R15=0x0000000000000000 is an unknown value


Stack: [0x000000012bbaf000,0x000000012bcaf000],  sp=0x000000012bcab470,  free space=1009k
Native frames: (J=compiled Java code, j=interpreted, Vv=VM code, C=native code)
V  [libjvm.dylib+0xd1320]
V  [libjvm.dylib+0xd1434]
V  [libjvm.dylib+0xd155e]
V  [libjvm.dylib+0x42a346]
V  [libjvm.dylib+0x42d8b1]
V  [libjvm.dylib+0x42da27]
V  [libjvm.dylib+0x1df00d]
V  [libjvm.dylib+0x4bd75a]
V  [libjvm.dylib+0x4bdab5]
V  [libjvm.dylib+0x4bdd6e]
V  [libjvm.dylib+0x3919ea]
V  [libjvm.dylib+0x3861e7]
V  [libjvm.dylib+0x594d9f]
V  [libjvm.dylib+0x374025]
V  [libjvm.dylib+0x33eca5]
C  [libprofilerinterface.jnilib+0xccd]  cache_loaded_classes+0x1b
C  [libprofilerinterface.jnilib+0x25ef]  Java_org_netbeans_lib_profiler_server_system_Classes_cacheLoadedClasses+0x6b
j  org.netbeans.lib.profiler.server.system.Classes.cacheLoadedClasses([Ljava/lang/Class;I)V+0
j  org.netbeans.lib.profiler.server.ProfilerInterface.cacheLoadedClasses([Ljava/lang/Class;I)V+68
j  org.netbeans.lib.profiler.server.ProfilerInterface.cacheLoadedClass(Ljava/lang/Class;)V+11
j  org.netbeans.lib.profiler.server.ProfilerInterface.classLoadHook(Ljava/lang/Class;)V+489
v  ~StubRoutines::call_stub
V  [libjvm.dylib+0x2e01e2]
V  [libjvm.dylib+0x3168ee]
V  [libjvm.dylib+0x30f668]
C  [libprofilerinterface.jnilib+0x2742]  register_class_prepare+0x29
V  [libjvm.dylib+0x37c0b6]
V  [libjvm.dylib+0x2b5573]
V  [libjvm.dylib+0x2b5655]
V  [libjvm.dylib+0x51a3f6]
V  [libjvm.dylib+0x561436]
j  sun.misc.Unsafe.defineAnonymousClass(Ljava/lang/Class;[B[Ljava/lang/Object;)Ljava/lang/Class;+0
j  java.lang.invoke.InnerClassLambdaMetafactory.spinInnerClass()Ljava/lang/Class;+493
j  java.lang.invoke.InnerClassLambdaMetafactory.buildCallSite()Ljava/lang/invoke/CallSite;+1
j  java.lang.invoke.LambdaMetafactory.metafactory(Ljava/lang/invoke/MethodHandles$Lookup;Ljava/lang/String;Ljava/lang/invoke/MethodType;Ljava/lang/invoke/MethodType;Ljava/lang/invoke/MethodHandle;Ljava/lang/invoke/MethodType;)Ljava/lang/invoke/CallSite;+31
j  java.lang.invoke.LambdaForm$DMH.invokeStatic_L6_L(Ljava/lang/Object;Ljava/lang/Object;Ljava/lang/Object;Ljava/lang/Object;Ljava/lang/Object;Ljava/lang/Object;Ljava/lang/Object;)Ljava/lang/Object;+20
j  java.lang.invoke.LambdaForm$BMH.reinvoke(Ljava/lang/Object;Ljava/lang/Object;Ljava/lang/Object;Ljava/lang/Object;Ljava/lang/Object;Ljava/lang/Object;Ljava/lang/Object;)Ljava/lang/Object;+79
j  java.lang.invoke.LambdaForm$MH.invoke_MT(Ljava/lang/Object;Ljava/lang/Object;Ljava/lang/Object;Ljava/lang/Object;Ljava/lang/Object;Ljava/lang/Object;Ljava/lang/Object;Ljava/lang/Object;)Ljava/lang/Object;+22
j  java.lang.invoke.CallSite.makeSite(Ljava/lang/invoke/MethodHandle;Ljava/lang/String;Ljava/lang/invoke/MethodType;Ljava/lang/Object;Ljava/lang/Class;)Ljava/lang/invoke/CallSite;+184
j  java.lang.invoke.MethodHandleNatives.linkCallSiteImpl(Ljava/lang/Class;Ljava/lang/invoke/MethodHandle;Ljava/lang/String;Ljava/lang/invoke/MethodType;Ljava/lang/Object;[Ljava/lang/Object;)Ljava/lang/invoke/MemberName;+6
j  java.lang.invoke.MethodHandleNatives.linkCallSite(Ljava/lang/Object;Ljava/lang/Object;Ljava/lang/Object;Ljava/lang/Object;Ljava/lang/Object;[Ljava/lang/Object;)Ljava/lang/invoke/MemberName;+45
v  ~StubRoutines::call_stub
V  [libjvm.dylib+0x2e01e2]
V  [libjvm.dylib+0x2e03dd]
V  [libjvm.dylib+0x518a39]
V  [libjvm.dylib+0x3b4884]
V  [libjvm.dylib+0x3b4d95]
V  [libjvm.dylib+0x3b74fd]
V  [libjvm.dylib+0x2d9ed5]
j  com.facebook.presto.hive.PrestoS3FileSystem$PrestoS3InputStream.read([BII)I+60
j  java.io.BufferedInputStream.read1([BII)I+39
j  java.io.BufferedInputStream.read([BII)I+49
j  java.io.DataInputStream.read([BII)I+7
j  org.apache.hadoop.io.compress.DecompressorStream.getCompressedData()I+18
j  org.apache.hadoop.io.compress.DecompressorStream.decompress([BII)I+191
j  org.apache.hadoop.io.compress.DecompressorStream.read([BII)I+39
j  java.io.InputStream.read([B)I+5
j  org.apache.hadoop.util.LineReader.readDefaultLine(Lorg/apache/hadoop/io/Text;II)I+61
J 18693 C1 org.apache.hadoop.mapred.LineRecordReader.next(Lorg/apache/hadoop/io/LongWritable;Lorg/apache/hadoop/io/Text;)Z (122 bytes) @ 0x000000010a989f3c [0x000000010a989d00+0x23c]
j  org.apache.hadoop.mapred.LineRecordReader.next(Ljava/lang/Object;Ljava/lang/Object;)Z+9
j  com.facebook.presto.hive.GenericHiveRecordCursor.advanceNextPosition()Z+19
j  com_facebook_presto_$gen_CursorProcessor_47.process(Lcom/facebook/presto/spi/ConnectorSession;Lcom/facebook/presto/spi/RecordCursor;ILcom/facebook/presto/spi/PageBuilder;)I+22
j  com.facebook.presto.operator.ScanFilterAndProjectOperator.getOutput()Lcom/facebook/presto/spi/Page;+43
J 16486 C1 com.facebook.presto.operator.Driver.processInternal()Lcom/google/common/util/concurrent/ListenableFuture; (513 bytes) @ 0x000000010a5bc644 [0x000000010a5b89e0+0x3c64]
J 10680 C1 com.facebook.presto.operator.Driver.processFor(Lio/airlift/units/Duration;)Lcom/google/common/util/concurrent/ListenableFuture; (251 bytes) @ 0x00000001095fe054 [0x00000001095fd3a0+0xcb4]
J 12195 C1 com.facebook.presto.execution.SqlTaskExecution$DriverSplitRunner.processFor(Lio/airlift/units/Duration;)Lcom/google/common/util/concurrent/ListenableFuture; (67 bytes) @ 0x0000000109a9d5bc [0x0000000109a9d2e0+0x2dc]
J 11612 C1 com.facebook.presto.execution.TaskExecutor$PrioritizedSplitRunner.process()Lcom/google/common/util/concurrent/ListenableFuture; (136 bytes) @ 0x00000001098d7e34 [0x00000001098d7a80+0x3b4]
j  com.facebook.presto.execution.TaskExecutor$Runner.run()V+202
j  java.util.concurrent.ThreadPoolExecutor.runWorker(Ljava/util/concurrent/ThreadPoolExecutor$Worker;)V+95
j  java.util.concurrent.ThreadPoolExecutor$Worker.run()V+5
j  java.lang.Thread.run()V+11
v  ~StubRoutines::call_stub
V  [libjvm.dylib+0x2e01e2]
V  [libjvm.dylib+0x2e0970]
V  [libjvm.dylib+0x2e0b1c]
V  [libjvm.dylib+0x33305d]
V  [libjvm.dylib+0x549a6f]
V  [libjvm.dylib+0x54b160]
V  [libjvm.dylib+0x46e99e]
C  [libsystem_pthread.dylib+0x405a]  _pthread_body+0x83
C  [libsystem_pthread.dylib+0x3fd7]  _pthread_body+0x0
C  [libsystem_pthread.dylib+0x13ed]  thread_start+0xd
C  0x0000000000000000

Java frames: (J=compiled Java code, j=interpreted, Vv=VM code)
j  org.netbeans.lib.profiler.server.system.Classes.cacheLoadedClasses([Ljava/lang/Class;I)V+0
j  org.netbeans.lib.profiler.server.ProfilerInterface.cacheLoadedClasses([Ljava/lang/Class;I)V+68
j  org.netbeans.lib.profiler.server.ProfilerInterface.cacheLoadedClass(Ljava/lang/Class;)V+11
j  org.netbeans.lib.profiler.server.ProfilerInterface.classLoadHook(Ljava/lang/Class;)V+489
v  ~StubRoutines::call_stub
j  sun.misc.Unsafe.defineAnonymousClass(Ljava/lang/Class;[B[Ljava/lang/Object;)Ljava/lang/Class;+0
j  java.lang.invoke.InnerClassLambdaMetafactory.spinInnerClass()Ljava/lang/Class;+493
j  java.lang.invoke.InnerClassLambdaMetafactory.buildCallSite()Ljava/lang/invoke/CallSite;+1
j  java.lang.invoke.LambdaMetafactory.metafactory(Ljava/lang/invoke/MethodHandles$Lookup;Ljava/lang/String;Ljava/lang/invoke/MethodType;Ljava/lang/invoke/MethodType;Ljava/lang/invoke/MethodHandle;Ljava/lang/invoke/MethodType;)Ljava/lang/invoke/CallSite;+31
j  java.lang.invoke.LambdaForm$DMH.invokeStatic_L6_L(Ljava/lang/Object;Ljava/lang/Object;Ljava/lang/Object;Ljava/lang/Object;Ljava/lang/Object;Ljava/lang/Object;Ljava/lang/Object;)Ljava/lang/Object;+20
j  java.lang.invoke.LambdaForm$BMH.reinvoke(Ljava/lang/Object;Ljava/lang/Object;Ljava/lang/Object;Ljava/lang/Object;Ljava/lang/Object;Ljava/lang/Object;Ljava/lang/Object;)Ljava/lang/Object;+79
j  java.lang.invoke.LambdaForm$MH.invoke_MT(Ljava/lang/Object;Ljava/lang/Object;Ljava/lang/Object;Ljava/lang/Object;Ljava/lang/Object;Ljava/lang/Object;Ljava/lang/Object;Ljava/lang/Object;)Ljava/lang/Object;+22
j  java.lang.invoke.CallSite.makeSite(Ljava/lang/invoke/MethodHandle;Ljava/lang/String;Ljava/lang/invoke/MethodType;Ljava/lang/Object;Ljava/lang/Class;)Ljava/lang/invoke/CallSite;+184
j  java.lang.invoke.MethodHandleNatives.linkCallSiteImpl(Ljava/lang/Class;Ljava/lang/invoke/MethodHandle;Ljava/lang/String;Ljava/lang/invoke/MethodType;Ljava/lang/Object;[Ljava/lang/Object;)Ljava/lang/invoke/MemberName;+6
j  java.lang.invoke.MethodHandleNatives.linkCallSite(Ljava/lang/Object;Ljava/lang/Object;Ljava/lang/Object;Ljava/lang/Object;Ljava/lang/Object;[Ljava/lang/Object;)Ljava/lang/invoke/MemberName;+45
v  ~StubRoutines::call_stub
j  com.facebook.presto.hive.PrestoS3FileSystem$PrestoS3InputStream.read([BII)I+60
j  java.io.BufferedInputStream.read1([BII)I+39
j  java.io.BufferedInputStream.read([BII)I+49
j  java.io.DataInputStream.read([BII)I+7
j  org.apache.hadoop.io.compress.DecompressorStream.getCompressedData()I+18
j  org.apache.hadoop.io.compress.DecompressorStream.decompress([BII)I+191
j  org.apache.hadoop.io.compress.DecompressorStream.read([BII)I+39
j  java.io.InputStream.read([B)I+5
j  org.apache.hadoop.util.LineReader.readDefaultLine(Lorg/apache/hadoop/io/Text;II)I+61
J 18693 C1 org.apache.hadoop.mapred.LineRecordReader.next(Lorg/apache/hadoop/io/LongWritable;Lorg/apache/hadoop/io/Text;)Z (122 bytes) @ 0x000000010a989f3c [0x000000010a989d00+0x23c]
j  org.apache.hadoop.mapred.LineRecordReader.next(Ljava/lang/Object;Ljava/lang/Object;)Z+9
j  com.facebook.presto.hive.GenericHiveRecordCursor.advanceNextPosition()Z+19
j  com_facebook_presto_$gen_CursorProcessor_47.process(Lcom/facebook/presto/spi/ConnectorSession;Lcom/facebook/presto/spi/RecordCursor;ILcom/facebook/presto/spi/PageBuilder;)I+22
j  com.facebook.presto.operator.ScanFilterAndProjectOperator.getOutput()Lcom/facebook/presto/spi/Page;+43
J 16486 C1 com.facebook.presto.operator.Driver.processInternal()Lcom/google/common/util/concurrent/ListenableFuture; (513 bytes) @ 0x000000010a5bc644 [0x000000010a5b89e0+0x3c64]
J 10680 C1 com.facebook.presto.operator.Driver.processFor(Lio/airlift/units/Duration;)Lcom/google/common/util/concurrent/ListenableFuture; (251 bytes) @ 0x00000001095fe054 [0x00000001095fd3a0+0xcb4]
J 12195 C1 com.facebook.presto.execution.SqlTaskExecution$DriverSplitRunner.processFor(Lio/airlift/units/Duration;)Lcom/google/common/util/concurrent/ListenableFuture; (67 bytes) @ 0x0000000109a9d5bc [0x0000000109a9d2e0+0x2dc]
J 11612 C1 com.facebook.presto.execution.TaskExecutor$PrioritizedSplitRunner.process()Lcom/google/common/util/concurrent/ListenableFuture; (136 bytes) @ 0x00000001098d7e34 [0x00000001098d7a80+0x3b4]
j  com.facebook.presto.execution.TaskExecutor$Runner.run()V+202
j  java.util.concurrent.ThreadPoolExecutor.runWorker(Ljava/util/concurrent/ThreadPoolExecutor$Worker;)V+95
j  java.util.concurrent.ThreadPoolExecutor$Worker.run()V+5
j  java.lang.Thread.run()V+11
v  ~StubRoutines::call_stub

---------------  P R O C E S S  ---------------

Java Threads: ( => current thread )
  0x00007fd284d05800 JavaThread "remote-task-callback-6" daemon [_thread_blocked, id=109319, stack(0x000000013bb3d000,0x000000013bc3d000)]
  0x00007fd28715b800 JavaThread "remote-task-callback-5" daemon [_thread_blocked, id=106247, stack(0x0000000138039000,0x0000000138139000)]
  0x00007fd28711e800 JavaThread "task-notification-47" [_thread_blocked, id=100871, stack(0x0000000138f1c000,0x000000013901c000)]
  0x00007fd285df0800 JavaThread "task-notification-46" [_thread_blocked, id=102919, stack(0x0000000138e19000,0x0000000138f19000)]
  0x00007fd287d01000 JavaThread "task-notification-45" [_thread_blocked, id=102407, stack(0x00000001386b9000,0x00000001387b9000)]
  0x00007fd288115000 JavaThread "task-notification-44" [_thread_blocked, id=104199, stack(0x0000000137f36000,0x0000000138036000)]
  0x00007fd287547800 JavaThread "task-notification-43" [_thread_blocked, id=102663, stack(0x0000000137e33000,0x0000000137f33000)]
  0x00007fd288913800 JavaThread "task-notification-42" [_thread_blocked, id=105479, stack(0x0000000137d30000,0x0000000137e30000)]
  0x00007fd288c9b000 JavaThread "task-notification-41" [_thread_blocked, id=81927, stack(0x0000000137c2d000,0x0000000137d2d000)]
  0x00007fd287cfe800 JavaThread "Task-20150827_234527_00002_tcmda.1.0-365" [_thread_blocked, id=105223, stack(0x0000000137b2a000,0x0000000137c2a000)]
  0x00007fd287cfe000 JavaThread "Task-20150827_234527_00002_tcmda.1.0-364" [_thread_blocked, id=84999, stack(0x0000000137a27000,0x0000000137b27000)]
  0x00007fd285106800 JavaThread "Task-20150827_234527_00002_tcmda.1.0-363" [_thread_blocked, id=100615, stack(0x0000000137924000,0x0000000137a24000)]
  0x00007fd285737800 JavaThread "Task-20150827_234527_00002_tcmda.1.0-362" [_thread_blocked, id=102151, stack(0x0000000137821000,0x0000000137921000)]
  0x00007fd28815e000 JavaThread "Task-20150827_234527_00002_tcmda.1.0-361" [_thread_blocked, id=101127, stack(0x000000013771e000,0x000000013781e000)]
  0x00007fd287865000 JavaThread "Task-20150827_234527_00002_tcmda.1.0-360" [_thread_blocked, id=93191, stack(0x000000013761b000,0x000000013771b000)]
  0x00007fd287b83000 JavaThread "Task-20150827_234527_00002_tcmda.1.0-359" [_thread_blocked, id=74247, stack(0x0000000137518000,0x0000000137618000)]
  0x00007fd287b82800 JavaThread "Task-20150827_234527_00002_tcmda.1.0-358" [_thread_blocked, id=107015, stack(0x0000000137415000,0x0000000137515000)]
  0x00007fd28406d800 JavaThread "Task-20150827_234527_00002_tcmda.1.0-357" [_thread_blocked, id=108551, stack(0x0000000137312000,0x0000000137412000)]
  0x00007fd286bb7800 JavaThread "Task-20150827_234527_00002_tcmda.1.0-356" [_thread_blocked, id=109831, stack(0x000000013720f000,0x000000013730f000)]
  0x00007fd287b81800 JavaThread "Task-20150827_234527_00002_tcmda.1.0-355" [_thread_blocked, id=92935, stack(0x000000013710c000,0x000000013720c000)]
  0x00007fd2878e7000 JavaThread "Task-20150827_234527_00002_tcmda.1.0-354" [_thread_blocked, id=108295, stack(0x0000000137009000,0x0000000137109000)]
  0x00007fd2878e6000 JavaThread "Task-20150827_234527_00002_tcmda.1.0-353" [_thread_blocked, id=109063, stack(0x0000000136f06000,0x0000000137006000)]
  0x00007fd28812e000 JavaThread "Task-20150827_234527_00002_tcmda.1.0-352" [_thread_blocked, id=96007, stack(0x0000000136e03000,0x0000000136f03000)]
  0x00007fd287a1d000 JavaThread "Task-20150827_234527_00002_tcmda.1.0-351" [_thread_blocked, id=81159, stack(0x0000000136d00000,0x0000000136e00000)]
  0x00007fd28792b800 JavaThread "Task-20150827_234527_00002_tcmda.1.0-350" [_thread_blocked, id=104967, stack(0x00000001369bd000,0x0000000136abd000)]
  0x00007fd286ea6000 JavaThread "Task-20150827_234527_00002_tcmda.1.0-349" [_thread_blocked, id=97287, stack(0x00000001368ba000,0x00000001369ba000)]
  0x00007fd285fde800 JavaThread "Task-20150827_234527_00002_tcmda.1.0-348" [_thread_blocked, id=97031, stack(0x00000001367b7000,0x00000001368b7000)]
  0x00007fd284d4e800 JavaThread "Task-20150827_234527_00002_tcmda.1.0-347" [_thread_blocked, id=42247, stack(0x000000012b6a0000,0x000000012b7a0000)]
  0x00007fd2844fe800 JavaThread "task-processor-34" [_thread_blocked, id=103175, stack(0x00000001366b4000,0x00000001367b4000)]
  0x00007fd288101800 JavaThread "Task-20150827_234527_00002_tcmda.1.0-345" [_thread_blocked, id=128775, stack(0x00000001365b1000,0x00000001366b1000)]
  0x00007fd28a76c000 JavaThread "Task-20150827_234527_00002_tcmda.0.0-344" [_thread_blocked, id=129287, stack(0x0000000135bef000,0x0000000135cef000)]
  0x00007fd28824f800 JavaThread "task-notification-19" [_thread_blocked, id=127751, stack(0x0000000133d71000,0x0000000133e71000)]
  0x00007fd2859b9800 JavaThread "task-processor-33" daemon [_thread_blocked, id=38667, stack(0x0000000133580000,0x0000000133680000)]
  0x00007fd28812b000 JavaThread "Task-20150827_234527_00002_tcmda.1.0-341" daemon [_thread_blocked, id=163083, stack(0x00000001319b9000,0x0000000131ab9000)]
  0x00007fd284e33800 JavaThread "task-notification-17" daemon [_thread_blocked, id=128267, stack(0x000000012af8b000,0x000000012b08b000)]
  0x00007fd28e4ae000 JavaThread "http-client-shared-339" daemon [_thread_blocked, id=126747, stack(0x00000001312e4000,0x00000001313e4000)]
  0x00007fd28bdac800 JavaThread "http-client-shared-337" daemon [_thread_blocked, id=118795, stack(0x0000000133202000,0x0000000133302000)]
  0x00007fd287202800 JavaThread "http-client-shared-336" daemon [_thread_blocked, id=168971, stack(0x00000001324be000,0x00000001325be000)]
  0x00007fd285a02800 JavaThread "*** Profiler Agent Special Execution Thread 6" daemon [_thread_blocked, id=167943, stack(0x0000000131fc5000,0x00000001320c5000)]
  0x00007fd2871b9000 JavaThread "*** JFluid Monitor thread ***" daemon [_thread_blocked, id=158983, stack(0x0000000131ec2000,0x0000000131fc2000)]
  0x00007fd2878a5000 JavaThread "*** Profiler Agent Communication Thread" daemon [_thread_in_native, id=38919, stack(0x0000000131dbf000,0x0000000131ebf000)]
  0x00007fd286b84800 JavaThread "http-client-shared-324" daemon [_thread_blocked, id=170503, stack(0x000000012fc6a000,0x000000012fd6a000)]
  0x00007fd286913800 JavaThread "http-worker-323" [_thread_blocked, id=118535, stack(0x0000000129241000,0x0000000129341000)]
  0x00007fd287b31000 JavaThread "hive-metastore-hive-5" daemon [_thread_blocked, id=160007, stack(0x000000013c5b8000,0x000000013c6b8000)]
  0x00007fd28462c800 JavaThread "hive-metastore-hive-4" daemon [_thread_blocked, id=165895, stack(0x000000013bceb000,0x000000013bdeb000)]
  0x00007fd28c3fb000 JavaThread "hive-metastore-hive-3" daemon [_thread_blocked, id=149767, stack(0x0000000131abc000,0x0000000131bbc000)]
  0x00007fd288261800 JavaThread "hive-metastore-hive-2" daemon [_thread_blocked, id=168451, stack(0x000000013dbff000,0x000000013dcff000)]
  0x00007fd2880a7000 JavaThread "hive-metastore-hive-1" daemon [_thread_blocked, id=57095, stack(0x000000012d8e7000,0x000000012d9e7000)]
  0x00007fd28683d800 JavaThread "hive-metastore-hive-0" daemon [_thread_blocked, id=60683, stack(0x000000012a873000,0x000000012a973000)]
  0x00007fd289d6a000 JavaThread "RMI TCP Connection(idle)" daemon [_thread_blocked, id=163335, stack(0x000000013d466000,0x000000013d566000)]
  0x00007fd287074800 JavaThread "RMI TCP Connection(6)-10.255.54.85" daemon [_thread_in_native, id=27143, stack(0x000000013d0d9000,0x000000013d1d9000)]
  0x00007fd289a75000 JavaThread "JMX server connection timeout 300" daemon [_thread_blocked, id=162563, stack(0x000000013e232000,0x000000013e332000)]
  0x00007fd289a74000 JavaThread "RMI Scheduler(0)" daemon [_thread_blocked, id=162051, stack(0x000000013dfb9000,0x000000013e0b9000)]
  0x00007fd284208000 JavaThread "RMI TCP Connection(5)-10.255.54.85" daemon [_thread_in_native, id=161539, stack(0x000000013dafc000,0x000000013dbfc000)]
  0x00007fd28bd04000 JavaThread "Attach Listener" daemon [_thread_blocked, id=161027, stack(0x000000013d703000,0x000000013d803000)]
  0x00007fd28555b000 JavaThread "exchange-client-24" daemon [_thread_blocked, id=157955, stack(0x000000013d600000,0x000000013d700000)]
  0x00007fd286bb6800 JavaThread "exchange-client-23" daemon [_thread_blocked, id=157443, stack(0x000000013d363000,0x000000013d463000)]
  0x00007fd2871b4000 JavaThread "exchange-client-22" daemon [_thread_blocked, id=156931, stack(0x000000013d260000,0x000000013d360000)]
  0x00007fd28bb2d000 JavaThread "exchange-client-21" daemon [_thread_blocked, id=156419, stack(0x000000013cfd6000,0x000000013d0d6000)]
  0x00007fd289bb8000 JavaThread "exchange-client-20" daemon [_thread_blocked, id=155907, stack(0x000000013ced3000,0x000000013cfd3000)]
  0x00007fd28720a800 JavaThread "exchange-client-19" daemon [_thread_blocked, id=155395, stack(0x000000013cdd0000,0x000000013ced0000)]
  0x00007fd28bc8c000 JavaThread "exchange-client-18" daemon [_thread_blocked, id=154883, stack(0x000000013cccd000,0x000000013cdcd000)]
  0x00007fd288318000 JavaThread "exchange-client-17" daemon [_thread_blocked, id=154371, stack(0x000000013cbca000,0x000000013ccca000)]
  0x00007fd287191000 JavaThread "exchange-client-16" daemon [_thread_blocked, id=153859, stack(0x000000013cac7000,0x000000013cbc7000)]
  0x00007fd28989d800 JavaThread "exchange-client-15" daemon [_thread_blocked, id=153347, stack(0x000000013c9c4000,0x000000013cac4000)]
  0x00007fd28bc8c800 JavaThread "exchange-client-14" daemon [_thread_blocked, id=152835, stack(0x000000013c2da000,0x000000013c3da000)]
  0x00007fd28420b000 JavaThread "exchange-client-12" daemon [_thread_blocked, id=152323, stack(0x000000013c1d7000,0x000000013c2d7000)]
  0x00007fd28420a800 JavaThread "exchange-client-13" daemon [_thread_blocked, id=151811, stack(0x000000013c0d4000,0x000000013c1d4000)]
  0x00007fd289e3b800 JavaThread "exchange-client-11" daemon [_thread_blocked, id=151299, stack(0x000000013c8c1000,0x000000013c9c1000)]
  0x00007fd28b198000 JavaThread "SplitRunner-32-277" daemon [_thread_blocked, id=150787, stack(0x000000013c7be000,0x000000013c8be000)]
  0x00007fd28bb2a000 JavaThread "exchange-client-10" daemon [_thread_blocked, id=149251, stack(0x000000013c4b5000,0x000000013c5b5000)]
  0x00007fd28bc8a000 JavaThread "exchange-client-9" daemon [_thread_blocked, id=148739, stack(0x000000013bfd1000,0x000000013c0d1000)]
  0x00007fd28bc89000 JavaThread "exchange-client-8" daemon [_thread_blocked, id=148227, stack(0x000000013bece000,0x000000013bfce000)]
  0x00007fd28701d000 JavaThread "exchange-client-7" daemon [_thread_blocked, id=147715, stack(0x000000013b83a000,0x000000013b93a000)]
  0x00007fd286bb3800 JavaThread "exchange-client-6" daemon [_thread_blocked, id=145667, stack(0x000000013b22e000,0x000000013b32e000)]
  0x00007fd285def800 JavaThread "exchange-client-5" daemon [_thread_blocked, id=145155, stack(0x000000013b12b000,0x000000013b22b000)]
  0x00007fd285468000 JavaThread "exchange-client-4" daemon [_thread_blocked, id=144643, stack(0x000000013b028000,0x000000013b128000)]
  0x00007fd28b8af000 JavaThread "exchange-client-3" daemon [_thread_blocked, id=144131, stack(0x000000013af25000,0x000000013b025000)]
  0x00007fd2846bd800 JavaThread "async-http-response-24" daemon [_thread_blocked, id=143619, stack(0x000000013ae22000,0x000000013af22000)]
  0x00007fd289c03000 JavaThread "async-http-response-23" daemon [_thread_blocked, id=143107, stack(0x000000013ad1f000,0x000000013ae1f000)]
  0x00007fd28b458000 JavaThread "async-http-response-22" daemon [_thread_blocked, id=142595, stack(0x000000013ac1c000,0x000000013ad1c000)]
  0x00007fd285979000 JavaThread "async-http-response-21" daemon [_thread_blocked, id=142083, stack(0x000000013ab19000,0x000000013ac19000)]
  0x00007fd28b452000 JavaThread "async-http-response-20" daemon [_thread_blocked, id=141571, stack(0x000000013aa16000,0x000000013ab16000)]
  0x00007fd28c40a800 JavaThread "async-http-response-19" daemon [_thread_blocked, id=141059, stack(0x000000013a913000,0x000000013aa13000)]
  0x00007fd285247800 JavaThread "async-http-response-18" daemon [_thread_blocked, id=140547, stack(0x000000013a810000,0x000000013a910000)]
  0x00007fd28b451800 JavaThread "async-http-response-17" daemon [_thread_blocked, id=140035, stack(0x000000013a70d000,0x000000013a80d000)]
  0x00007fd28b296000 JavaThread "exchange-client-2" daemon [_thread_blocked, id=139523, stack(0x000000013a60a000,0x000000013a70a000)]
  0x00007fd28b295800 JavaThread "exchange-client-1" daemon [_thread_blocked, id=139011, stack(0x000000013a507000,0x000000013a607000)]
  0x00007fd2870ac800 JavaThread "async-http-response-16" daemon [_thread_blocked, id=138499, stack(0x000000013a404000,0x000000013a504000)]
  0x00007fd28443a000 JavaThread "async-http-response-15" daemon [_thread_blocked, id=137987, stack(0x000000013a301000,0x000000013a401000)]
  0x00007fd289c02800 JavaThread "async-http-response-14" daemon [_thread_blocked, id=137475, stack(0x000000013a1fe000,0x000000013a2fe000)]
  0x00007fd28c373800 JavaThread "async-http-response-13" daemon [_thread_blocked, id=136963, stack(0x000000013a0fb000,0x000000013a1fb000)]
  0x00007fd284cb6000 JavaThread "async-http-response-12" daemon [_thread_blocked, id=136451, stack(0x0000000139ff8000,0x000000013a0f8000)]
  0x00007fd28b199800 JavaThread "async-http-response-11" daemon [_thread_blocked, id=135939, stack(0x0000000139ef5000,0x0000000139ff5000)]
  0x00007fd2844fd800 JavaThread "async-http-response-10" daemon [_thread_blocked, id=135427, stack(0x0000000139df2000,0x0000000139ef2000)]
  0x00007fd2843a7800 JavaThread "async-http-response-9" daemon [_thread_blocked, id=134915, stack(0x0000000139cef000,0x0000000139def000)]
  0x00007fd285de5800 JavaThread "async-http-response-8" daemon [_thread_blocked, id=134403, stack(0x0000000139bec000,0x0000000139cec000)]
  0x00007fd28c34b000 JavaThread "async-http-response-7" daemon [_thread_blocked, id=133891, stack(0x0000000139ae9000,0x0000000139be9000)]
  0x00007fd2898da800 JavaThread "async-http-response-6" daemon [_thread_blocked, id=133379, stack(0x00000001399e6000,0x0000000139ae6000)]
  0x00007fd285775000 JavaThread "java-sdk-http-connection-reaper" daemon [_thread_blocked, id=132867, stack(0x00000001396e3000,0x00000001397e3000)]
  0x00007fd289cc7000 JavaThread "async-http-response-5" daemon [_thread_blocked, id=132355, stack(0x00000001395e0000,0x00000001396e0000)]
  0x00007fd289d24800 JavaThread "async-http-response-4" daemon [_thread_blocked, id=131843, stack(0x00000001394dd000,0x00000001395dd000)]
  0x00007fd28c373000 JavaThread "async-http-response-3" daemon [_thread_blocked, id=131331, stack(0x00000001393da000,0x00000001394da000)]
  0x00007fd289d23800 JavaThread "async-http-response-2" daemon [_thread_blocked, id=130819, stack(0x00000001392d7000,0x00000001393d7000)]
  0x00007fd28b8ba800 JavaThread "exchange-client-0" daemon [_thread_blocked, id=130307, stack(0x00000001391d4000,0x00000001392d4000)]
  0x00007fd28b8ba000 JavaThread "async-http-response-1" daemon [_thread_blocked, id=129795, stack(0x00000001390d1000,0x00000001391d1000)]
  0x00007fd28b0c5800 JavaThread "jersey-background-task-scheduler-0" [_thread_blocked, id=125699, stack(0x00000001388bf000,0x00000001389bf000)]
  0x00007fd28b290800 JavaThread "async-http-response-0" daemon [_thread_blocked, id=125187, stack(0x00000001387bc000,0x00000001388bc000)]
  0x00007fd2870c9800 JavaThread "http-worker-226" [_thread_blocked, id=124163, stack(0x00000001385b6000,0x00000001386b6000)]
  0x00007fd28c52c000 JavaThread "Query-20150827_234527_00002_tcmda-225" [_thread_blocked, id=123651, stack(0x00000001384b3000,0x00000001385b3000)]
  0x00007fd289b8f000 JavaThread "http-worker-124" [_thread_blocked, id=14347, stack(0x00000001318b6000,0x00000001319b6000)]
  0x00007fd284765800 JavaThread "Announcer-4" daemon [_thread_blocked, id=70915, stack(0x0000000130bc5000,0x0000000130cc5000)]
  0x00007fd285000800 JavaThread "Announcer-3" daemon [_thread_blocked, id=70403, stack(0x0000000130ac2000,0x0000000130bc2000)]
  0x00007fd284764800 JavaThread "Announcer-2" daemon [_thread_blocked, id=69891, stack(0x00000001309bf000,0x0000000130abf000)]
  0x00007fd284762800 JavaThread "Announcer-1" daemon [_thread_blocked, id=20487, stack(0x0000000125df0000,0x0000000125ef0000)]
  0x00007fd2842bd800 JavaThread "DestroyJavaVM" [_thread_blocked, id=2571, stack(0x0000000107b6a000,0x0000000107c6a000)]
  0x00007fd284764000 JavaThread "Announcer-0" daemon [_thread_blocked, id=69379, stack(0x00000001308bc000,0x00000001309bc000)]
  0x00007fd2845b1800 JavaThread "Abandoned connection cleanup thread" daemon [_thread_blocked, id=68867, stack(0x000000012fde5000,0x000000012fee5000)]
  0x00007fd284d88000 JavaThread "shard-compaction-discovery" daemon [_thread_blocked, id=68355, stack(0x000000012fb67000,0x000000012fc67000)]
  0x00007fd2847ee800 JavaThread "H2 Log Writer METASTORE" daemon [_thread_blocked, id=67843, stack(0x000000012fa64000,0x000000012fb64000)]
  0x00007fd2847ec000 JavaThread "H2 File Lock Watchdog /Users/wtimoney/src/wrmsr/presto/var/data/db/MetaStore.lock.db" daemon [_thread_blocked, id=67331, stack(0x000000012f0d5000,0x000000012f1d5000)]
  0x00007fd2878ed000 JavaThread "shard-compaction-discovery" daemon [_thread_blocked, id=66819, stack(0x000000012eb8e000,0x000000012ec8e000)]
  0x00007fd28555c000 JavaThread "H2 Log Writer METASTORE" daemon [_thread_blocked, id=66307, stack(0x000000012de7e000,0x000000012df7e000)]
  0x00007fd2849bd800 JavaThread "query-management-4" [_thread_blocked, id=65795, stack(0x000000012daed000,0x000000012dbed000)]
  0x00007fd289730000 JavaThread "H2 File Lock Watchdog /Users/wtimoney/src/wrmsr/presto/var/data/fulldb/MetaStore.lock.db" daemon [_thread_blocked, id=65287, stack(0x000000012a420000,0x000000012a520000)]
  0x00007fd285c44800 JavaThread "Abandoned connection cleanup thread" daemon [_thread_blocked, id=64771, stack(0x000000012799c000,0x0000000127a9c000)]
  0x00007fd289b8d800 JavaThread "query-management-3" [_thread_blocked, id=64259, stack(0x000000012e2ca000,0x000000012e3ca000)]
  0x00007fd284d4f800 JavaThread "query-management-2" [_thread_blocked, id=63747, stack(0x0000000129399000,0x0000000129499000)]
  0x00007fd28781b800 JavaThread "Query-20150827_234527_00002_tcmda-96" [_thread_blocked, id=63235, stack(0x000000012f561000,0x000000012f661000)]
  0x00007fd28685b000 JavaThread "Scheduler-1030686815" [_thread_blocked, id=62723, stack(0x000000012f45e000,0x000000012f55e000)]
  0x00007fd28783c000 JavaThread "query-management-1" [_thread_blocked, id=62211, stack(0x000000012f35b000,0x000000012f45b000)]
  0x00007fd28680f000 JavaThread "http-client-shared-93" daemon [_thread_blocked, id=61699, stack(0x000000012f258000,0x000000012f358000)]
  0x00007fd28680e000 JavaThread "http-worker-91-acceptor-0@40d77d03-http@201171c7{HTTP/1.1}{0.0.0.0:8080}" [_thread_in_native, id=61187, stack(0x000000012d9ea000,0x000000012daea000)]
  0x00007fd2880c0000 JavaThread "http-worker-89-selector-ServerConnectorManager@173e9347/3" [_thread_in_native, id=60163, stack(0x000000012d7e4000,0x000000012d8e4000)]
  0x00007fd287099800 JavaThread "http-worker-88-selector-ServerConnectorManager@173e9347/2" [_thread_in_native, id=59651, stack(0x000000012d6e1000,0x000000012d7e1000)]
  0x00007fd288c89800 JavaThread "task-management-4" [_thread_blocked, id=59139, stack(0x000000012d3f1000,0x000000012d4f1000)]
  0x00007fd288cda000 JavaThread "http-worker-86-selector-ServerConnectorManager@173e9347/1" [_thread_in_native, id=58627, stack(0x000000012a6bf000,0x000000012a7bf000)]
  0x00007fd28575a800 JavaThread "http-worker-85-selector-ServerConnectorManager@173e9347/0" [_thread_in_native, id=58119, stack(0x0000000126a6d000,0x0000000126b6d000)]
  0x00007fd289aa9000 JavaThread "Task-20150827_234527_00002_tcmda.0.0-83" [_thread_blocked, id=57603, stack(0x0000000125bb2000,0x0000000125cb2000)]
  0x00007fd28a0aa800 JavaThread "http-client-shared-81-selector-ClientSelectorManager@8a3b965/1" daemon [_thread_in_native, id=56579, stack(0x00000001299bc000,0x0000000129abc000)]
  0x00007fd285e11800 JavaThread "query-purger" [_thread_blocked, id=56067, stack(0x0000000127171000,0x0000000127271000)]
  0x00007fd28a0a9800 JavaThread "Task-20150827_234527_00002_tcmda.0.0-79" [_thread_blocked, id=55555, stack(0x000000012d0ee000,0x000000012d1ee000)]
  0x00007fd287098000 JavaThread "task-management-1" [_thread_blocked, id=55043, stack(0x000000012cfeb000,0x000000012d0eb000)]
  0x00007fd28a339000 JavaThread "task-management-0" [_thread_blocked, id=54531, stack(0x000000012cee8000,0x000000012cfe8000)]
  0x00007fd285b1d000 JavaThread "SplitRunner-31-76" [_thread_blocked, id=54019, stack(0x000000012cde5000,0x000000012cee5000)]
  0x00007fd285b1c000 JavaThread "SplitRunner-30-75" [_thread_blocked, id=53507, stack(0x000000012cce2000,0x000000012cde2000)]
  0x00007fd28a0a9000 JavaThread "SplitRunner-29-74" [_thread_blocked, id=52995, stack(0x000000012cbdf000,0x000000012ccdf000)]
  0x00007fd285567000 JavaThread "SplitRunner-28-73" [_thread_blocked, id=52483, stack(0x000000012cadc000,0x000000012cbdc000)]
  0x00007fd285566800 JavaThread "SplitRunner-39-72" [_thread_blocked, id=51971, stack(0x000000012c9d9000,0x000000012cad9000)]
  0x00007fd2850bc800 JavaThread "20150827_234527_00002_tcmda.1.0-57-71" [_thread_blocked, id=51459, stack(0x000000012c8d6000,0x000000012c9d6000)]
  0x00007fd28781e000 JavaThread "20150827_234527_00002_tcmda.1.0-65-70" [_thread_blocked, id=50947, stack(0x000000012c7d3000,0x000000012c8d3000)]
  0x00007fd2869b4000 JavaThread "20150827_234527_00002_tcmda.1.0-53-69" [_thread_blocked, id=50435, stack(0x000000012c6d0000,0x000000012c7d0000)]
  0x00007fd284ae8800 JavaThread "SplitRunner-23-68" [_thread_blocked, id=49923, stack(0x000000012c5cd000,0x000000012c6cd000)]
  0x00007fd28712a000 JavaThread "SplitRunner-22-67" [_thread_blocked, id=49411, stack(0x000000012c4ca000,0x000000012c5ca000)]
  0x00007fd288065000 JavaThread "20150827_234527_00002_tcmda.1.0-64-66" [_thread_blocked, id=48899, stack(0x000000012c3c7000,0x000000012c4c7000)]
  0x00007fd28781d000 JavaThread "SplitRunner-20-65" [_thread_blocked, id=48387, stack(0x000000012c2c4000,0x000000012c3c4000)]
  0x00007fd28781c800 JavaThread "20150827_234527_00002_tcmda.1.0-73-64" [_thread_blocked, id=47875, stack(0x000000012c1c1000,0x000000012c2c1000)]
  0x00007fd288064800 JavaThread "SplitRunner-18-63" [_thread_blocked, id=47363, stack(0x000000012c0be000,0x000000012c1be000)]
  0x00007fd2878ce800 JavaThread "20150827_234527_00002_tcmda.1.0-89-62" [_thread_blocked, id=46851, stack(0x000000012bfbb000,0x000000012c0bb000)]
  0x00007fd288063800 JavaThread "20150827_234527_00002_tcmda.1.0-54-61" [_thread_blocked, id=46339, stack(0x000000012beb8000,0x000000012bfb8000)]
  0x00007fd285a31800 JavaThread "SplitRunner-15-60" [_thread_blocked, id=45827, stack(0x000000012bdb5000,0x000000012beb5000)]
  0x00007fd288087800 JavaThread "SplitRunner-14-59" [_thread_blocked, id=45315, stack(0x000000012bcb2000,0x000000012bdb2000)]
=>0x00007fd286800000 JavaThread "20150827_234527_00002_tcmda.1.0-66-58" [_thread_in_vm, id=44803, stack(0x000000012bbaf000,0x000000012bcaf000)]
  0x00007fd287129800 JavaThread "20150827_234527_00002_tcmda.1.0-71-57" [_thread_blocked, id=44291, stack(0x000000012baac000,0x000000012bbac000)]
  0x00007fd2878ce000 JavaThread "20150827_234527_00002_tcmda.1.0-70-56" [_thread_blocked, id=43779, stack(0x000000012b9a9000,0x000000012baa9000)]
  0x00007fd285a30800 JavaThread "20150827_234527_00002_tcmda.1.0-59-55" [_thread_blocked, id=43267, stack(0x000000012b8a6000,0x000000012b9a6000)]
  0x00007fd285f60800 JavaThread "20150827_234527_00002_tcmda.1.0-58-54" [_thread_blocked, id=42755, stack(0x000000012b7a3000,0x000000012b8a3000)]
  0x00007fd28541a000 JavaThread "SplitRunner-7-52" [_thread_blocked, id=41731, stack(0x000000012b59d000,0x000000012b69d000)]
  0x00007fd2869b3000 JavaThread "SplitRunner-6-51" [_thread_blocked, id=41219, stack(0x000000012b49a000,0x000000012b59a000)]
  0x00007fd287128800 JavaThread "20150827_234527_00002_tcmda.1.0-55-50" [_thread_blocked, id=40707, stack(0x000000012b397000,0x000000012b497000)]
  0x00007fd28814d800 JavaThread "20150827_234527_00002_tcmda.1.0-69-49" [_thread_blocked, id=40195, stack(0x000000012b294000,0x000000012b394000)]
  0x00007fd28716b800 JavaThread "SplitRunner-37-48" [_thread_blocked, id=39683, stack(0x000000012b191000,0x000000012b291000)]
  0x00007fd2841ee000 JavaThread "SplitRunner-2-47" [_thread_blocked, id=39171, stack(0x000000012b08e000,0x000000012b18e000)]
  0x00007fd28509c800 JavaThread "SplitRunner-36-45" [_thread_blocked, id=38147, stack(0x000000012ae88000,0x000000012af88000)]
  0x00007fd288a6a000 JavaThread "http-client-shared-44-selector-ClientSelectorManager@8a3b965/0" daemon [_thread_in_native, id=37635, stack(0x000000012ad85000,0x000000012ae85000)]
  0x00007fd28901f800 JavaThread "http-client-shared-43-selector-ClientSelectorManager@38077fc5/1" daemon [_thread_in_native, id=37123, stack(0x000000012ac82000,0x000000012ad82000)]
  0x00007fd285f5f800 JavaThread "query-management-0" [_thread_blocked, id=36103, stack(0x000000012a0a7000,0x000000012a1a7000)]
  0x00007fd285b9c800 JavaThread "http-client-shared-41-selector-ClientSelectorManager@38077fc5/0" daemon [_thread_in_native, id=36611, stack(0x000000012a5bc000,0x000000012a6bc000)]
  0x00007fd2870cc000 JavaThread "failure-detector" daemon [_thread_blocked, id=35587, stack(0x0000000129ef6000,0x0000000129ff6000)]
  0x00007fd284a6a000 JavaThread "http-client-failure-detector-scheduler-38" daemon [_thread_blocked, id=35075, stack(0x0000000129df3000,0x0000000129ef3000)]
  0x00007fd284a69000 JavaThread "http-client-failure-detector-37" daemon [_thread_blocked, id=34563, stack(0x0000000129cf0000,0x0000000129df0000)]
  0x00007fd285ea9800 JavaThread "http-client-failure-detector-36" daemon [_thread_blocked, id=34051, stack(0x0000000129bed000,0x0000000129ced000)]
  0x00007fd289942000 JavaThread "http-client-failure-detector-35" daemon [_thread_blocked, id=33539, stack(0x0000000129aea000,0x0000000129bea000)]
  0x00007fd289916800 JavaThread "http-client-failure-detector-34" daemon [_thread_blocked, id=33027, stack(0x000000012913e000,0x000000012923e000)]
  0x00007fd284681000 JavaThread "http-client-failure-detector-33" daemon [_thread_blocked, id=32515, stack(0x000000012903b000,0x000000012913b000)]
  0x00007fd284a68800 JavaThread "http-client-failure-detector-32" daemon [_thread_blocked, id=32003, stack(0x0000000128f38000,0x0000000129038000)]
  0x00007fd286991800 JavaThread "http-client-failure-detector-31-selector-ClientSelectorManager@425c8e0e/1" daemon [_thread_in_native, id=31491, stack(0x0000000127899000,0x0000000127999000)]
  0x00007fd285861000 JavaThread "http-client-failure-detector-30-selector-ClientSelectorManager@425c8e0e/0" daemon [_thread_in_native, id=30979, stack(0x0000000127796000,0x0000000127896000)]
  0x00007fd284a66000 JavaThread "Discovery-4" daemon [_thread_blocked, id=30467, stack(0x00000001297eb000,0x00000001298eb000)]
  0x00007fd284f2e000 JavaThread "Discovery-3" daemon [_thread_blocked, id=29955, stack(0x00000001296e8000,0x00000001297e8000)]
  0x00007fd285c55800 JavaThread "Discovery-2" daemon [_thread_blocked, id=29443, stack(0x00000001295e5000,0x00000001296e5000)]
  0x00007fd2859ef800 JavaThread "Discovery-1" daemon [_thread_blocked, id=28931, stack(0x00000001294e2000,0x00000001295e2000)]
  0x00007fd2845f5800 JavaThread "Discovery-0" daemon [_thread_blocked, id=28419, stack(0x00000001272df000,0x00000001273df000)]
  0x00007fd2849b8000 JavaThread "RMI TCP Accept-0" daemon [_thread_in_native, id=28167, stack(0x0000000128503000,0x0000000128603000)]
  0x00007fd2849b7800 JavaThread "RMI TCP Accept-52686" daemon [_thread_in_native, id=26115, stack(0x000000012822a000,0x000000012832a000)]
  0x00007fd2846db800 JavaThread "RMI TCP Accept-0" daemon [_thread_in_native, id=25603, stack(0x0000000126da8000,0x0000000126ea8000)]
  0x00007fd285eac000 JavaThread "http-client-shared-scheduler-21" daemon [_thread_blocked, id=25091, stack(0x0000000127f27000,0x0000000128027000)]
  0x00007fd285eab800 JavaThread "http-client-shared-20-selector-ClientSelectorManager@c15bb18/1" daemon [_thread_in_native, id=24579, stack(0x0000000128c35000,0x0000000128d35000)]
  0x00007fd285693000 JavaThread "http-client-shared-19-selector-ClientSelectorManager@c15bb18/0" daemon [_thread_in_native, id=24067, stack(0x0000000128b32000,0x0000000128c32000)]
  0x00007fd287841000 JavaThread "http-client-shared-18-selector-ClientSelectorManager@148fe5ce/1" daemon [_thread_in_native, id=23555, stack(0x0000000128a2f000,0x0000000128b2f000)]
  0x00007fd287840800 JavaThread "http-client-shared-17-selector-ClientSelectorManager@148fe5ce/0" daemon [_thread_in_native, id=23043, stack(0x000000012892c000,0x0000000128a2c000)]
  0x00007fd284edf000 JavaThread "http-client-shared-16-selector-ClientSelectorManager@acf231d/1" daemon [_thread_in_native, id=22531, stack(0x0000000128829000,0x0000000128929000)]
  0x00007fd284e97000 JavaThread "http-client-shared-15-selector-ClientSelectorManager@acf231d/0" daemon [_thread_in_native, id=22019, stack(0x0000000128726000,0x0000000128826000)]
  0x00007fd289028000 JavaThread "http-client-shared-14-selector-ClientSelectorManager@3f70d7e9/1" daemon [_thread_in_native, id=21507, stack(0x0000000128623000,0x0000000128723000)]
  0x00007fd289022800 JavaThread "http-client-shared-13-selector-ClientSelectorManager@3f70d7e9/0" daemon [_thread_in_native, id=20995, stack(0x0000000128400000,0x0000000128500000)]
  0x00007fd285837800 JavaThread "Service Thread" daemon [_thread_blocked, id=19459, stack(0x000000012560f000,0x000000012570f000)]
  0x00007fd284817800 JavaThread "C1 CompilerThread3" daemon [_thread_blocked, id=18947, stack(0x000000012550c000,0x000000012560c000)]
  0x00007fd285003000 JavaThread "C2 CompilerThread2" daemon [_thread_blocked, id=18435, stack(0x0000000125409000,0x0000000125509000)]
  0x00007fd28581a000 JavaThread "C2 CompilerThread1" daemon [_thread_blocked, id=17923, stack(0x0000000125306000,0x0000000125406000)]
  0x00007fd284031800 JavaThread "C2 CompilerThread0" daemon [_thread_in_native, id=17411, stack(0x0000000125203000,0x0000000125303000)]
  0x00007fd284016000 JavaThread "Signal Dispatcher" daemon [_thread_blocked, id=15375, stack(0x0000000125100000,0x0000000125200000)]
  0x00007fd285025800 JavaThread "Finalizer" daemon [_thread_blocked, id=13571, stack(0x0000000123760000,0x0000000123860000)]
  0x00007fd284843800 JavaThread "Reference Handler" daemon [_thread_blocked, id=13059, stack(0x000000012365d000,0x000000012375d000)]

Other Threads:
  0x00007fd284842800 VMThread [stack: 0x000000012355a000,0x000000012365a000] [id=12547]
  0x00007fd285800800 WatcherThread [stack: 0x0000000125712000,0x0000000125812000] [id=19971]

VM state:not at safepoint (normal execution)

VM Mutex/Monitor currently owned by a thread: None

Heap:
 PSYoungGen      total 528896K, used 3632K [0x000000076ab00000, 0x000000079f180000, 0x00000007c0000000)
  eden space 491008K, 0% used [0x000000076ab00000,0x000000076ae8c2f0,0x0000000788a80000)
  from space 37888K, 0% used [0x000000079a900000,0x000000079a900000,0x000000079ce00000)
  to   space 36352K, 0% used [0x000000079ce00000,0x000000079ce00000,0x000000079f180000)
 ParOldGen       total 372224K, used 57971K [0x00000006c0000000, 0x00000006d6b80000, 0x000000076ab00000)
  object space 372224K, 15% used [0x00000006c0000000,0x00000006c389cc90,0x00000006d6b80000)
 Metaspace       used 158040K, capacity 163017K, committed 164524K, reserved 1196032K
  class space    used 16714K, capacity 17655K, committed 17920K, reserved 1048576K

Card table byte_map: [0x0000000117073000,0x0000000117874000] byte_map_base: 0x0000000113a73000

Marking Bits: (ParMarkBitMap*) 0x00000001074c27a0
 Begin Bits: [0x00000001185e2000, 0x000000011c5e2000)
 End Bits:   [0x000000011c5e2000, 0x00000001205e2000)

Polling page: 0x0000000105bff000

CodeCache: size=245760Kb used=7235Kb max_used=49522Kb free=238524Kb
 bounds [0x0000000107cb3000, 0x000000010ad73000, 0x0000000116cb3000]
 total_blobs=3104 nmethods=2430 adapters=584
 compilation: enabled

Compilation events (10 events):
Event: 370.993 Thread 0x00007fd284817800 nmethod 22254 0x000000010aa51310 code [0x000000010aa514c0, 0x000000010aa51ac8]
Event: 371.029 Thread 0x00007fd284817800 22256   !   3       sun.invoke.util.VerifyAccess::isTypeVisible (101 bytes)
Event: 371.032 Thread 0x00007fd284817800 nmethod 22256 0x000000010ab47e90 code [0x000000010ab481a0, 0x000000010ab49d98]
Event: 371.033 Thread 0x00007fd284817800 22265       3       java.lang.StackTraceElement::toString (140 bytes)
Event: 371.052 Thread 0x00007fd284817800 nmethod 22265 0x000000010a9bf090 code [0x000000010a9bf3e0, 0x000000010a9c1028]
Event: 371.052 Thread 0x00007fd284817800 22266       3       org.netbeans.lib.profiler.server.ProfilerRuntimeCPUFullInstr::methodEntry (110 bytes)
Event: 371.053 Thread 0x00007fd284031800 nmethod 22252 0x000000010aa679d0 code [0x000000010aa67b40, 0x000000010aa67f88]
Event: 371.053 Thread 0x00007fd284031800 22272  s    4       sun.security.provider.SecureRandom::engineNextBytes (242 bytes)
Event: 371.053 Thread 0x00007fd284817800 nmethod 22266 0x000000010aa7de50 code [0x000000010aa7e020, 0x000000010aa7e658]
Event: 371.053 Thread 0x00007fd284817800 22263       3       org.netbeans.lib.profiler.server.ProfilerRuntimeCPUFullInstr::methodExit (132 bytes)

GC Heap History (10 events):
Event: 239.502 GC heap before
{Heap before GC invocations=88 (full 3):
 PSYoungGen      total 506368K, used 423491K [0x000000076ab00000, 0x00000007a1e00000, 0x00000007c0000000)
  eden space 497664K, 83% used [0x000000076ab00000,0x000000078406c6c0,0x0000000789100000)
  from space 8704K, 95% used [0x00000007a1580000,0x00000007a1da4650,0x00000007a1e00000)
  to   space 38912K, 0% used [0x000000079d200000,0x000000079d200000,0x000000079f800000)
 ParOldGen       total 175616K, used 123099K [0x00000006c0000000, 0x00000006cab80000, 0x000000076ab00000)
  object space 175616K, 70% used [0x00000006c0000000,0x00000006c7836c70,0x00000006cab80000)
 Metaspace       used 93127K, capacity 98498K, committed 98560K, reserved 1134592K
  class space    used 11565K, capacity 12648K, committed 12672K, reserved 1048576K
Event: 239.508 GC heap after
Heap after GC invocations=88 (full 3):
 PSYoungGen      total 488960K, used 9912K [0x000000076ab00000, 0x00000007a1600000, 0x00000007c0000000)
  eden space 478720K, 0% used [0x000000076ab00000,0x000000076ab00000,0x0000000787e80000)
  from space 10240K, 96% used [0x000000079d200000,0x000000079dbae2a0,0x000000079dc00000)
  to   space 37888K, 0% used [0x000000079f100000,0x000000079f100000,0x00000007a1600000)
 ParOldGen       total 175616K, used 123259K [0x00000006c0000000, 0x00000006cab80000, 0x000000076ab00000)
  object space 175616K, 70% used [0x00000006c0000000,0x00000006c785ec70,0x00000006cab80000)
 Metaspace       used 93127K, capacity 98498K, committed 98560K, reserved 1134592K
  class space    used 11565K, capacity 12648K, committed 12672K, reserved 1048576K
}
Event: 239.508 GC heap before
{Heap before GC invocations=89 (full 4):
 PSYoungGen      total 488960K, used 9912K [0x000000076ab00000, 0x00000007a1600000, 0x00000007c0000000)
  eden space 478720K, 0% used [0x000000076ab00000,0x000000076ab00000,0x0000000787e80000)
  from space 10240K, 96% used [0x000000079d200000,0x000000079dbae2a0,0x000000079dc00000)
  to   space 37888K, 0% used [0x000000079f100000,0x000000079f100000,0x00000007a1600000)
 ParOldGen       total 175616K, used 123259K [0x00000006c0000000, 0x00000006cab80000, 0x000000076ab00000)
  object space 175616K, 70% used [0x00000006c0000000,0x00000006c785ec70,0x00000006cab80000)
 Metaspace       used 93127K, capacity 98498K, committed 98560K, reserved 1134592K
  class space    used 11565K, capacity 12648K, committed 12672K, reserved 1048576K
Event: 239.693 GC heap after
Heap after GC invocations=89 (full 4):
 PSYoungGen      total 488960K, used 0K [0x000000076ab00000, 0x00000007a1600000, 0x00000007c0000000)
  eden space 478720K, 0% used [0x000000076ab00000,0x000000076ab00000,0x0000000787e80000)
  from space 10240K, 0% used [0x000000079d200000,0x000000079d200000,0x000000079dc00000)
  to   space 37888K, 0% used [0x000000079f100000,0x000000079f100000,0x00000007a1600000)
 ParOldGen       total 302080K, used 71797K [0x00000006c0000000, 0x00000006d2700000, 0x000000076ab00000)
  object space 302080K, 23% used [0x00000006c0000000,0x00000006c461d6f8,0x00000006d2700000)
 Metaspace       used 93127K, capacity 98498K, committed 98560K, reserved 1134592K
  class space    used 11565K, capacity 12648K, committed 12672K, reserved 1048576K
}
Event: 266.307 GC heap before
{Heap before GC invocations=90 (full 4):
 PSYoungGen      total 488960K, used 478720K [0x000000076ab00000, 0x00000007a1600000, 0x00000007c0000000)
  eden space 478720K, 100% used [0x000000076ab00000,0x0000000787e80000,0x0000000787e80000)
  from space 10240K, 0% used [0x000000079d200000,0x000000079d200000,0x000000079dc00000)
  to   space 37888K, 0% used [0x000000079f100000,0x000000079f100000,0x00000007a1600000)
 ParOldGen       total 302080K, used 71797K [0x00000006c0000000, 0x00000006d2700000, 0x000000076ab00000)
  object space 302080K, 23% used [0x00000006c0000000,0x00000006c461d6f8,0x00000006d2700000)
 Metaspace       used 110428K, capacity 116061K, committed 116352K, reserved 1150976K
  class space    used 13064K, capacity 14152K, committed 14208K, reserved 1048576K
Event: 266.316 GC heap after
Heap after GC invocations=90 (full 4):
 PSYoungGen      total 487424K, used 1664K [0x000000076ab00000, 0x000000079f300000, 0x00000007c0000000)
  eden space 485376K, 0% used [0x000000076ab00000,0x000000076ab00000,0x0000000788500000)
  from space 2048K, 81% used [0x000000079f100000,0x000000079f2a0060,0x000000079f300000)
  to   space 37888K, 0% used [0x000000079a900000,0x000000079a900000,0x000000079ce00000)
 ParOldGen       total 302080K, used 71797K [0x00000006c0000000, 0x00000006d2700000, 0x000000076ab00000)
  object space 302080K, 23% used [0x00000006c0000000,0x00000006c461d6f8,0x00000006d2700000)
 Metaspace       used 110428K, capacity 116061K, committed 116352K, reserved 1150976K
  class space    used 13064K, capacity 14152K, committed 14208K, reserved 1048576K
}
Event: 370.270 GC heap before
{Heap before GC invocations=91 (full 4):
 PSYoungGen      total 487424K, used 135688K [0x000000076ab00000, 0x000000079f300000, 0x00000007c0000000)
  eden space 485376K, 27% used [0x000000076ab00000,0x0000000772de2110,0x0000000788500000)
  from space 2048K, 81% used [0x000000079f100000,0x000000079f2a0060,0x000000079f300000)
  to   space 37888K, 0% used [0x000000079a900000,0x000000079a900000,0x000000079ce00000)
 ParOldGen       total 302080K, used 71797K [0x00000006c0000000, 0x00000006d2700000, 0x000000076ab00000)
  object space 302080K, 23% used [0x00000006c0000000,0x00000006c461d6f8,0x00000006d2700000)
 Metaspace       used 158433K, capacity 164091K, committed 164268K, reserved 1196032K
  class space    used 16860K, capacity 17920K, committed 17920K, reserved 1048576K
Event: 370.286 GC heap after
Heap after GC invocations=91 (full 4):
 PSYoungGen      total 528896K, used 10122K [0x000000076ab00000, 0x000000079f180000, 0x00000007c0000000)
  eden space 491008K, 0% used [0x000000076ab00000,0x000000076ab00000,0x0000000788a80000)
  from space 37888K, 26% used [0x000000079a900000,0x000000079b2e28e8,0x000000079ce00000)
  to   space 36352K, 0% used [0x000000079ce00000,0x000000079ce00000,0x000000079f180000)
 ParOldGen       total 302080K, used 71797K [0x00000006c0000000, 0x00000006d2700000, 0x000000076ab00000)
  object space 302080K, 23% used [0x00000006c0000000,0x00000006c461d6f8,0x00000006d2700000)
 Metaspace       used 158433K, capacity 164091K, committed 164268K, reserved 1196032K
  class space    used 16860K, capacity 17920K, committed 17920K, reserved 1048576K
}
Event: 370.286 GC heap before
{Heap before GC invocations=92 (full 5):
 PSYoungGen      total 528896K, used 10122K [0x000000076ab00000, 0x000000079f180000, 0x00000007c0000000)
  eden space 491008K, 0% used [0x000000076ab00000,0x000000076ab00000,0x0000000788a80000)
  from space 37888K, 26% used [0x000000079a900000,0x000000079b2e28e8,0x000000079ce00000)
  to   space 36352K, 0% used [0x000000079ce00000,0x000000079ce00000,0x000000079f180000)
 ParOldGen       total 302080K, used 71797K [0x00000006c0000000, 0x00000006d2700000, 0x000000076ab00000)
  object space 302080K, 23% used [0x00000006c0000000,0x00000006c461d6f8,0x00000006d2700000)
 Metaspace       used 158433K, capacity 164091K, committed 164268K, reserved 1196032K
  class space    used 16860K, capacity 17920K, committed 17920K, reserved 1048576K
Event: 370.479 GC heap after
Heap after GC invocations=92 (full 5):
 PSYoungGen      total 528896K, used 0K [0x000000076ab00000, 0x000000079f180000, 0x00000007c0000000)
  eden space 491008K, 0% used [0x000000076ab00000,0x000000076ab00000,0x0000000788a80000)
  from space 37888K, 0% used [0x000000079a900000,0x000000079a900000,0x000000079ce00000)
  to   space 36352K, 0% used [0x000000079ce00000,0x000000079ce00000,0x000000079f180000)
 ParOldGen       total 372224K, used 57971K [0x00000006c0000000, 0x00000006d6b80000, 0x000000076ab00000)
  object space 372224K, 15% used [0x00000006c0000000,0x00000006c389cc90,0x00000006d6b80000)
 Metaspace       used 158009K, capacity 162933K, committed 164268K, reserved 1196032K
  class space    used 16712K, capacity 17653K, committed 17920K, reserved 1048576K
}

Deoptimization events (10 events):
Event: 354.815 Thread 0x00007fd2859b9800 Uncommon trap: reason=unstable_if action=reinterpret pc=0x000000010ac31020 method=org.netbeans.lib.profiler.server.Monitors$ActiveServerState.next()V @ 41
Event: 361.509 Thread 0x00007fd2859b9800 Uncommon trap: reason=unstable_if action=reinterpret pc=0x0000000108172c58 method=org.netbeans.lib.profiler.server.ProfilerInterface.internalClassName(Ljava/lang/String;)Z @ 24
Event: 361.931 Thread 0x00007fd2859b9800 Uncommon trap: reason=unstable_if action=reinterpret pc=0x000000010a917370 method=java.io.ObjectOutputStream$BlockDataOutputStream.writeInt(I)V @ 9
Event: 361.931 Thread 0x00007fd2859b9800 Uncommon trap: reason=unstable_if action=reinterpret pc=0x000000010aa705e8 method=java.io.ObjectOutputStream$BlockDataOutputStream.writeInt(I)V @ 9
Event: 362.392 Thread 0x00007fd2878a5000 Uncommon trap: reason=unstable_if action=reinterpret pc=0x00000001081419ec method=org.netbeans.lib.profiler.server.ProfilerInterface.internalClassName(Ljava/lang/String;)Z @ 4
Event: 363.293 Thread 0x00007fd2878a5000 Uncommon trap: reason=unstable_if action=reinterpret pc=0x000000010ac69b74 method=org.netbeans.lib.profiler.server.ClassLoaderManager.registerLoader(Ljava/lang/ClassLoader;)I @ 64
Event: 363.998 Thread 0x00007fd2878a5000 Uncommon trap: reason=unstable_if action=reinterpret pc=0x000000010a969690 method=java.io.ObjectInputStream$BlockDataInputStream.readUTFSpan(Ljava/lang/StringBuilder;J)J @ 35
Event: 365.888 Thread 0x00007fd285e11800 Uncommon trap: reason=null_check action=make_not_entrant pc=0x0000000109db9de8 method=java.util.logging.Logger$LoggerBundle.isSystemBundle()Z @ 6
Event: 365.981 Thread 0x00007fd286bb6800 Uncommon trap: reason=null_check action=make_not_entrant pc=0x000000010937f6b8 method=java.util.logging.Logger$LoggerBundle.isSystemBundle()Z @ 6
Event: 368.963 Thread 0x00007fd28680f000 Uncommon trap: reason=unstable_if action=reinterpret pc=0x000000010a9191ec method=io.airlift.stats.QuantileDigest$6.process(Lio/airlift/stats/QuantileDigest$Node;)Z @ 219

Internal exceptions (10 events):
Event: 368.963 Thread 0x00007fd28a0a9000 Exception <a 'java/lang/NoClassDefFoundError': com/facebook/presto/hive/PrestoS3FileSystem$PrestoS3InputStream$$Lambda$762> (0x00000007728fbfa0) thrown at [/Users/java_re/workspace/8-2-build-macosx-x86_64/jdk8u51/3951/hotspot/src/share/vm/oops/constantPoo
Event: 369.013 Thread 0x00007fd2869b3000 Exception <a 'java/lang/NoClassDefFoundError': com/facebook/presto/hive/PrestoS3FileSystem$PrestoS3InputStream$$Lambda$762> (0x0000000772960938) thrown at [/Users/java_re/workspace/8-2-build-macosx-x86_64/jdk8u51/3951/hotspot/src/share/vm/oops/constantPoo
Event: 369.061 Thread 0x00007fd288064800 Exception <a 'java/lang/NoClassDefFoundError': com/facebook/presto/hive/PrestoS3FileSystem$PrestoS3InputStream$$Lambda$762> (0x00000007729aec88) thrown at [/Users/java_re/workspace/8-2-build-macosx-x86_64/jdk8u51/3951/hotspot/src/share/vm/oops/constantPoo
Event: 369.155 Thread 0x00007fd28541a000 Exception <a 'java/lang/NoClassDefFoundError': com/facebook/presto/hive/PrestoS3FileSystem$PrestoS3InputStream$$Lambda$762> (0x0000000772a11c40) thrown at [/Users/java_re/workspace/8-2-build-macosx-x86_64/jdk8u51/3951/hotspot/src/share/vm/oops/constantPoo
Event: 369.920 Thread 0x00007fd288087800 Exception <a 'java/lang/NoClassDefFoundError': com/facebook/presto/hive/PrestoS3FileSystem$PrestoS3InputStream$$Lambda$762> (0x0000000772b478d0) thrown at [/Users/java_re/workspace/8-2-build-macosx-x86_64/jdk8u51/3951/hotspot/src/share/vm/oops/constantPoo
Event: 369.978 Thread 0x00007fd285566800 Exception <a 'java/lang/NoClassDefFoundError': com/facebook/presto/hive/PrestoS3FileSystem$PrestoS3InputStream$$Lambda$762> (0x0000000772c7afe0) thrown at [/Users/java_re/workspace/8-2-build-macosx-x86_64/jdk8u51/3951/hotspot/src/share/vm/oops/constantPoo
Event: 370.179 Thread 0x00007fd28b198000 Exception <a 'java/lang/NoClassDefFoundError': com/facebook/presto/hive/PrestoS3FileSystem$PrestoS3InputStream$$Lambda$762> (0x0000000772d38b88) thrown at [/Users/java_re/workspace/8-2-build-macosx-x86_64/jdk8u51/3951/hotspot/src/share/vm/oops/constantPoo
Event: 370.230 Thread 0x00007fd284d4f800 Exception <a 'java/lang/NoClassDefFoundError': com/facebook/presto/util/ImmutableCollectors$$Lambda$801> (0x0000000772d94ca0) thrown at [/Users/java_re/workspace/8-2-build-macosx-x86_64/jdk8u51/3951/hotspot/src/share/vm/classfile/systemDictionary.cpp, lin
Event: 370.992 Thread 0x00007fd284d4f800 Exception <a 'java/lang/NoClassDefFoundError': com/facebook/presto/util/ImmutableCollectors$$Lambda$801> (0x000000076ac30dd0) thrown at [/Users/java_re/workspace/8-2-build-macosx-x86_64/jdk8u51/3951/hotspot/src/share/vm/oops/constantPool.cpp, line 235]
Event: 371.029 Thread 0x00007fd285567000 Exception <a 'java/lang/NoClassDefFoundError': com/facebook/presto/hive/PrestoS3FileSystem$PrestoS3InputStream$$Lambda$762> (0x000000076accdd18) thrown at [/Users/java_re/workspace/8-2-build-macosx-x86_64/jdk8u51/3951/hotspot/src/share/vm/oops/constantPoo

Events (10 events):
Event: 371.030 Thread 0x00007fd285567000 DEOPT PACKING pc=0x000000010a5bc644 sp=0x000000012cbdb140
Event: 371.030 Thread 0x00007fd285567000 DEOPT UNPACKING pc=0x0000000107cfa633 sp=0x000000012cbdb0d8 mode 1
Event: 371.030 Thread 0x00007fd285567000 DEOPT PACKING pc=0x00000001095fe054 sp=0x000000012cbdb400
Event: 371.030 Thread 0x00007fd285567000 DEOPT UNPACKING pc=0x0000000107cfa633 sp=0x000000012cbdb1e0 mode 1
Event: 371.030 Thread 0x00007fd285567000 DEOPT PACKING pc=0x0000000109a9d5bc sp=0x000000012cbdb540
Event: 371.030 Thread 0x00007fd285567000 DEOPT UNPACKING pc=0x0000000107cfa633 sp=0x000000012cbdb2e8 mode 1
Event: 371.030 Thread 0x00007fd285567000 DEOPT PACKING pc=0x00000001098d7e34 sp=0x000000012cbdb600
Event: 371.030 Thread 0x00007fd285567000 DEOPT UNPACKING pc=0x0000000107cfa633 sp=0x000000012cbdb428 mode 1
Event: 371.034 Executing VM operation: RedefineClasses
Event: 371.052 Executing VM operation: RedefineClasses done


Dynamic libraries:
0x0000000007e44000 	/System/Library/Frameworks/Cocoa.framework/Versions/A/Cocoa
0x0000000007e44000 	/System/Library/Frameworks/Security.framework/Versions/A/Security
0x0000000007e44000 	/System/Library/Frameworks/ApplicationServices.framework/Versions/A/ApplicationServices
0x0000000007e44000 	/usr/lib/libz.1.dylib
0x0000000007e44000 	/usr/lib/libSystem.B.dylib
0x0000000007e44000 	/usr/lib/libobjc.A.dylib
0x0000000007e44000 	/System/Library/Frameworks/CoreFoundation.framework/Versions/A/CoreFoundation
0x0000000007e44000 	/System/Library/Frameworks/Foundation.framework/Versions/C/Foundation
0x0000000007e44000 	/System/Library/Frameworks/AppKit.framework/Versions/C/AppKit
0x0000000007e44000 	/System/Library/Frameworks/CoreData.framework/Versions/A/CoreData
0x0000000007e44000 	/System/Library/PrivateFrameworks/RemoteViewServices.framework/Versions/A/RemoteViewServices
0x0000000007e44000 	/System/Library/PrivateFrameworks/UIFoundation.framework/Versions/A/UIFoundation
0x0000000007e44000 	/System/Library/Frameworks/IOSurface.framework/Versions/A/IOSurface
0x0000000007e44000 	/System/Library/Frameworks/AudioToolbox.framework/Versions/A/AudioToolbox
0x0000000007e44000 	/System/Library/Frameworks/AudioUnit.framework/Versions/A/AudioUnit
0x0000000007e44000 	/System/Library/PrivateFrameworks/DataDetectorsCore.framework/Versions/A/DataDetectorsCore
0x0000000007e44000 	/System/Library/PrivateFrameworks/DesktopServicesPriv.framework/Versions/A/DesktopServicesPriv
0x0000000007e44000 	/System/Library/Frameworks/Carbon.framework/Versions/A/Frameworks/HIToolbox.framework/Versions/A/HIToolbox
0x0000000007e44000 	/System/Library/Frameworks/QuartzCore.framework/Versions/A/QuartzCore
0x0000000007e44000 	/System/Library/Frameworks/Carbon.framework/Versions/A/Frameworks/SpeechRecognition.framework/Versions/A/SpeechRecognition
0x0000000007e44000 	/usr/lib/libauto.dylib
0x0000000007e44000 	/usr/lib/libicucore.A.dylib
0x0000000007e44000 	/usr/lib/libxml2.2.dylib
0x0000000007e44000 	/System/Library/PrivateFrameworks/CoreUI.framework/Versions/A/CoreUI
0x0000000007e44000 	/System/Library/Frameworks/CoreAudio.framework/Versions/A/CoreAudio
0x0000000007e44000 	/System/Library/Frameworks/DiskArbitration.framework/Versions/A/DiskArbitration
0x0000000007e44000 	/usr/lib/liblangid.dylib
0x0000000007e44000 	/System/Library/PrivateFrameworks/MultitouchSupport.framework/Versions/A/MultitouchSupport
0x0000000007e44000 	/System/Library/Frameworks/IOKit.framework/Versions/A/IOKit
0x0000000007e44000 	/usr/lib/libDiagnosticMessagesClient.dylib
0x0000000007e44000 	/System/Library/Frameworks/CoreServices.framework/Versions/A/CoreServices
0x0000000007e44000 	/System/Library/PrivateFrameworks/PerformanceAnalysis.framework/Versions/A/PerformanceAnalysis
0x0000000007e44000 	/System/Library/PrivateFrameworks/GenerationalStorage.framework/Versions/A/GenerationalStorage
0x0000000007e44000 	/System/Library/Frameworks/OpenGL.framework/Versions/A/OpenGL
0x0000000007e44000 	/System/Library/PrivateFrameworks/Sharing.framework/Versions/A/Sharing
0x0000000007e44000 	/System/Library/Frameworks/CoreGraphics.framework/Versions/A/CoreGraphics
0x0000000007e44000 	/System/Library/Frameworks/CoreText.framework/Versions/A/CoreText
0x0000000007e44000 	/System/Library/Frameworks/ImageIO.framework/Versions/A/ImageIO
0x0000000007e44000 	/usr/lib/libextension.dylib
0x0000000007e44000 	/System/Library/PrivateFrameworks/Backup.framework/Versions/A/Backup
0x0000000007e44000 	/usr/lib/libarchive.2.dylib
0x0000000007e44000 	/System/Library/Frameworks/CFNetwork.framework/Versions/A/CFNetwork
0x0000000007e44000 	/System/Library/Frameworks/SystemConfiguration.framework/Versions/A/SystemConfiguration
0x0000000007e44000 	/usr/lib/libCRFSuite.dylib
0x0000000007e44000 	/usr/lib/libc++.1.dylib
0x0000000007e44000 	/usr/lib/libc++abi.dylib
0x0000000007e44000 	/usr/lib/system/libcache.dylib
0x0000000007e44000 	/usr/lib/system/libcommonCrypto.dylib
0x0000000007e44000 	/usr/lib/system/libcompiler_rt.dylib
0x0000000007e44000 	/usr/lib/system/libcopyfile.dylib
0x0000000007e44000 	/usr/lib/system/libcorecrypto.dylib
0x0000000007e44000 	/usr/lib/system/libdispatch.dylib
0x0000000007e44000 	/usr/lib/system/libdyld.dylib
0x0000000007e44000 	/usr/lib/system/libkeymgr.dylib
0x0000000007e44000 	/usr/lib/system/liblaunch.dylib
0x0000000007e44000 	/usr/lib/system/libmacho.dylib
0x0000000007e44000 	/usr/lib/system/libquarantine.dylib
0x0000000007e44000 	/usr/lib/system/libremovefile.dylib
0x0000000007e44000 	/usr/lib/system/libsystem_asl.dylib
0x0000000007e44000 	/usr/lib/system/libsystem_blocks.dylib
0x0000000007e44000 	/usr/lib/system/libsystem_c.dylib
0x0000000007e44000 	/usr/lib/system/libsystem_configuration.dylib
0x0000000007e44000 	/usr/lib/system/libsystem_coreservices.dylib
0x0000000007e44000 	/usr/lib/system/libsystem_coretls.dylib
0x0000000007e44000 	/usr/lib/system/libsystem_dnssd.dylib
0x0000000007e44000 	/usr/lib/system/libsystem_info.dylib
0x0000000007e44000 	/usr/lib/system/libsystem_kernel.dylib
0x0000000007e44000 	/usr/lib/system/libsystem_m.dylib
0x0000000007e44000 	/usr/lib/system/libsystem_malloc.dylib
0x0000000007e44000 	/usr/lib/system/libsystem_network.dylib
0x0000000007e44000 	/usr/lib/system/libsystem_networkextension.dylib
0x0000000007e44000 	/usr/lib/system/libsystem_notify.dylib
0x0000000007e44000 	/usr/lib/system/libsystem_platform.dylib
0x0000000007e44000 	/usr/lib/system/libsystem_pthread.dylib
0x0000000007e44000 	/usr/lib/system/libsystem_sandbox.dylib
0x0000000007e44000 	/usr/lib/system/libsystem_secinit.dylib
0x0000000007e44000 	/usr/lib/system/libsystem_stats.dylib
0x0000000007e44000 	/usr/lib/system/libsystem_trace.dylib
0x0000000007e44000 	/usr/lib/system/libunc.dylib
0x0000000007e44000 	/usr/lib/system/libunwind.dylib
0x0000000007e44000 	/usr/lib/system/libxpc.dylib
0x0000000007e44000 	/usr/lib/libbz2.1.0.dylib
0x0000000007e44000 	/usr/lib/liblzma.5.dylib
0x0000000007e44000 	/usr/lib/libbsm.0.dylib
0x0000000007e44000 	/usr/lib/libsqlite3.dylib
0x0000000007e44000 	/usr/lib/system/libkxld.dylib
0x0000000007e44000 	/usr/lib/libxar.1.dylib
0x0000000007e44000 	/usr/lib/libpam.2.dylib
0x0000000007e44000 	/usr/lib/libOpenScriptingUtil.dylib
0x0000000007e44000 	/System/Library/Frameworks/CoreServices.framework/Versions/A/Frameworks/FSEvents.framework/Versions/A/FSEvents
0x0000000007e44000 	/System/Library/Frameworks/CoreServices.framework/Versions/A/Frameworks/CarbonCore.framework/Versions/A/CarbonCore
0x0000000007e44000 	/System/Library/Frameworks/CoreServices.framework/Versions/A/Frameworks/Metadata.framework/Versions/A/Metadata
0x0000000007e44000 	/System/Library/Frameworks/CoreServices.framework/Versions/A/Frameworks/OSServices.framework/Versions/A/OSServices
0x0000000007e44000 	/System/Library/Frameworks/CoreServices.framework/Versions/A/Frameworks/SearchKit.framework/Versions/A/SearchKit
0x0000000007e44000 	/System/Library/Frameworks/CoreServices.framework/Versions/A/Frameworks/AE.framework/Versions/A/AE
0x0000000007e44000 	/System/Library/Frameworks/CoreServices.framework/Versions/A/Frameworks/LaunchServices.framework/Versions/A/LaunchServices
0x0000000007e44000 	/System/Library/Frameworks/CoreServices.framework/Versions/A/Frameworks/DictionaryServices.framework/Versions/A/DictionaryServices
0x0000000007e44000 	/System/Library/Frameworks/NetFS.framework/Versions/A/NetFS
0x0000000007e44000 	/System/Library/PrivateFrameworks/NetAuth.framework/Versions/A/NetAuth
0x0000000007e44000 	/System/Library/PrivateFrameworks/login.framework/Versions/A/Frameworks/loginsupport.framework/Versions/A/loginsupport
0x0000000007e44000 	/System/Library/PrivateFrameworks/TCC.framework/Versions/A/TCC
0x0000000007e44000 	/usr/lib/libmecabra.dylib
0x0000000007e44000 	/System/Library/Frameworks/ApplicationServices.framework/Versions/A/Frameworks/ATS.framework/Versions/A/ATS
0x0000000007e44000 	/System/Library/Frameworks/ApplicationServices.framework/Versions/A/Frameworks/ColorSync.framework/Versions/A/ColorSync
0x0000000007e44000 	/System/Library/Frameworks/ApplicationServices.framework/Versions/A/Frameworks/HIServices.framework/Versions/A/HIServices
0x0000000007e44000 	/System/Library/Frameworks/ApplicationServices.framework/Versions/A/Frameworks/LangAnalysis.framework/Versions/A/LangAnalysis
0x0000000007e44000 	/System/Library/Frameworks/ApplicationServices.framework/Versions/A/Frameworks/PrintCore.framework/Versions/A/PrintCore
0x0000000007e44000 	/System/Library/Frameworks/ApplicationServices.framework/Versions/A/Frameworks/QD.framework/Versions/A/QD
0x0000000007e44000 	/System/Library/Frameworks/ApplicationServices.framework/Versions/A/Frameworks/SpeechSynthesis.framework/Versions/A/SpeechSynthesis
0x0000000007e44000 	/System/Library/Frameworks/Accelerate.framework/Versions/A/Accelerate
0x0000000007e44000 	/System/Library/Frameworks/Accelerate.framework/Versions/A/Frameworks/vImage.framework/Versions/A/vImage
0x0000000007e44000 	/System/Library/Frameworks/Accelerate.framework/Versions/A/Frameworks/vecLib.framework/Versions/A/vecLib
0x0000000007e44000 	/System/Library/Frameworks/Accelerate.framework/Versions/A/Frameworks/vecLib.framework/Versions/A/libvDSP.dylib
0x0000000007e44000 	/System/Library/Frameworks/Accelerate.framework/Versions/A/Frameworks/vecLib.framework/Versions/A/libvMisc.dylib
0x0000000007e44000 	/System/Library/Frameworks/Accelerate.framework/Versions/A/Frameworks/vecLib.framework/Versions/A/libLAPACK.dylib
0x0000000007e44000 	/System/Library/Frameworks/Accelerate.framework/Versions/A/Frameworks/vecLib.framework/Versions/A/libBLAS.dylib
0x0000000007e44000 	/System/Library/Frameworks/Accelerate.framework/Versions/A/Frameworks/vecLib.framework/Versions/A/libLinearAlgebra.dylib
0x0000000007e44000 	/System/Library/Frameworks/ApplicationServices.framework/Versions/A/Frameworks/ATS.framework/Versions/A/Resources/libFontParser.dylib
0x0000000007e44000 	/System/Library/Frameworks/ApplicationServices.framework/Versions/A/Frameworks/ATS.framework/Versions/A/Resources/libFontRegistry.dylib
0x0000000007e44000 	/System/Library/PrivateFrameworks/AppleVPA.framework/Versions/A/AppleVPA
0x0000000007e44000 	/System/Library/PrivateFrameworks/AppleJPEG.framework/Versions/A/AppleJPEG
0x0000000007e44000 	/System/Library/Frameworks/ImageIO.framework/Versions/A/Resources/libJPEG.dylib
0x0000000007e44000 	/System/Library/Frameworks/ImageIO.framework/Versions/A/Resources/libTIFF.dylib
0x0000000007e44000 	/System/Library/Frameworks/ImageIO.framework/Versions/A/Resources/libPng.dylib
0x0000000007e44000 	/System/Library/Frameworks/ImageIO.framework/Versions/A/Resources/libGIF.dylib
0x0000000007e44000 	/System/Library/Frameworks/ImageIO.framework/Versions/A/Resources/libJP2.dylib
0x0000000007e44000 	/System/Library/Frameworks/ImageIO.framework/Versions/A/Resources/libRadiance.dylib
0x0000000007e44000 	/System/Library/Frameworks/CoreVideo.framework/Versions/A/CoreVideo
0x0000000007e44000 	/System/Library/Frameworks/OpenGL.framework/Versions/A/Libraries/libGLU.dylib
0x0000000007e44000 	/System/Library/Frameworks/OpenGL.framework/Versions/A/Libraries/libGFXShared.dylib
0x0000000007e44000 	/System/Library/Frameworks/OpenGL.framework/Versions/A/Libraries/libGL.dylib
0x0000000007e44000 	/System/Library/Frameworks/OpenGL.framework/Versions/A/Libraries/libGLImage.dylib
0x0000000007e44000 	/System/Library/Frameworks/OpenGL.framework/Versions/A/Libraries/libCVMSPluginSupport.dylib
0x0000000007e44000 	/System/Library/Frameworks/OpenGL.framework/Versions/A/Libraries/libCoreVMClient.dylib
0x0000000007e44000 	/usr/lib/libcups.2.dylib
0x0000000007e44000 	/System/Library/Frameworks/Kerberos.framework/Versions/A/Kerberos
0x0000000007e44000 	/System/Library/Frameworks/GSS.framework/Versions/A/GSS
0x0000000007e44000 	/usr/lib/libresolv.9.dylib
0x0000000007e44000 	/usr/lib/libiconv.2.dylib
0x0000000007e44000 	/System/Library/PrivateFrameworks/Heimdal.framework/Versions/A/Heimdal
0x0000000007e44000 	/usr/lib/libheimdal-asn1.dylib
0x0000000007e44000 	/System/Library/Frameworks/OpenDirectory.framework/Versions/A/OpenDirectory
0x0000000007e44000 	/System/Library/PrivateFrameworks/CommonAuth.framework/Versions/A/CommonAuth
0x0000000007e44000 	/System/Library/Frameworks/OpenDirectory.framework/Versions/A/Frameworks/CFOpenDirectory.framework/Versions/A/CFOpenDirectory
0x0000000007e44000 	/System/Library/Frameworks/SecurityFoundation.framework/Versions/A/SecurityFoundation
0x0000000007e44000 	/System/Library/PrivateFrameworks/LanguageModeling.framework/Versions/A/LanguageModeling
0x0000000007e44000 	/usr/lib/libcmph.dylib
0x0000000007e44000 	/System/Library/Frameworks/ServiceManagement.framework/Versions/A/ServiceManagement
0x0000000007e44000 	/usr/lib/libxslt.1.dylib
0x0000000007e44000 	/System/Library/Frameworks/Carbon.framework/Versions/A/Frameworks/Ink.framework/Versions/A/Ink
0x0000000007e44000 	/System/Library/Frameworks/QuartzCore.framework/Versions/A/Frameworks/CoreImage.framework/Versions/A/CoreImage
0x0000000007e44000 	/System/Library/PrivateFrameworks/CrashReporterSupport.framework/Versions/A/CrashReporterSupport
0x0000000007e44000 	/System/Library/Frameworks/OpenCL.framework/Versions/A/OpenCL
0x0000000007e44000 	/System/Library/PrivateFrameworks/FaceCore.framework/Versions/A/FaceCore
0x0000000007e44000 	/System/Library/PrivateFrameworks/Ubiquity.framework/Versions/A/Ubiquity
0x0000000007e44000 	/System/Library/PrivateFrameworks/IconServices.framework/Versions/A/IconServices
0x0000000007e44000 	/System/Library/PrivateFrameworks/ChunkingLibrary.framework/Versions/A/ChunkingLibrary
0x0000000007e44000 	/System/Library/PrivateFrameworks/Apple80211.framework/Versions/A/Apple80211
0x0000000007e44000 	/System/Library/Frameworks/CoreWLAN.framework/Versions/A/CoreWLAN
0x0000000007e44000 	/System/Library/Frameworks/IOBluetooth.framework/Versions/A/IOBluetooth
0x0000000007e44000 	/System/Library/PrivateFrameworks/CoreWiFi.framework/Versions/A/CoreWiFi
0x0000000007e44000 	/System/Library/Frameworks/CoreBluetooth.framework/Versions/A/CoreBluetooth
0x0000000007e44000 	/System/Library/PrivateFrameworks/DebugSymbols.framework/Versions/A/DebugSymbols
0x0000000007e44000 	/System/Library/PrivateFrameworks/CoreSymbolication.framework/Versions/A/CoreSymbolication
0x0000000007e44000 	/System/Library/PrivateFrameworks/Symbolication.framework/Versions/A/Symbolication
0x0000000007e44000 	/System/Library/PrivateFrameworks/SpeechRecognitionCore.framework/Versions/A/SpeechRecognitionCore
0x0000000106c00000 	/Library/Java/JavaVirtualMachines/jdk1.8.0_51.jdk/Contents/Home/jre/lib/server/libjvm.dylib
0x0000000007e44000 	/usr/lib/libstdc++.6.dylib
0x0000000105bf1000 	/Library/Java/JavaVirtualMachines/jdk1.8.0_51.jdk/Contents/Home/jre/lib/libverify.dylib
0x0000000107c6c000 	/Library/Java/JavaVirtualMachines/jdk1.8.0_51.jdk/Contents/Home/jre/lib/libjava.dylib
0x0000000107caa000 	/Library/Java/JavaVirtualMachines/jdk1.8.0_51.jdk/Contents/Home/jre/lib/libzip.dylib
0x0000000123862000 	/System/Library/Frameworks/JavaVM.framework/Frameworks/JavaRuntimeSupport.framework/JavaRuntimeSupport
0x000000012387a000 	/System/Library/Frameworks/JavaVM.framework/Versions/A/Frameworks/JavaNativeFoundation.framework/Versions/A/JavaNativeFoundation
0x000000012388f000 	/System/Library/Frameworks/JavaVM.framework/Versions/A/JavaVM
0x0000000007e44000 	/System/Library/Frameworks/Carbon.framework/Versions/A/Carbon
0x000000012389c000 	/System/Library/PrivateFrameworks/JavaLaunching.framework/Versions/A/JavaLaunching
0x0000000007e44000 	/System/Library/Frameworks/Carbon.framework/Versions/A/Frameworks/CommonPanels.framework/Versions/A/CommonPanels
0x0000000007e44000 	/System/Library/Frameworks/Carbon.framework/Versions/A/Frameworks/Help.framework/Versions/A/Help
0x0000000007e44000 	/System/Library/Frameworks/Carbon.framework/Versions/A/Frameworks/ImageCapture.framework/Versions/A/ImageCapture
0x0000000007e44000 	/System/Library/Frameworks/Carbon.framework/Versions/A/Frameworks/OpenScripting.framework/Versions/A/OpenScripting
0x0000000007e44000 	/System/Library/Frameworks/Carbon.framework/Versions/A/Frameworks/Print.framework/Versions/A/Print
0x0000000007e44000 	/System/Library/Frameworks/Carbon.framework/Versions/A/Frameworks/SecurityHI.framework/Versions/A/SecurityHI
0x0000000125878000 	/Library/Java/JavaVirtualMachines/jdk1.8.0_51.jdk/Contents/Home/jre/lib/libnio.dylib
0x0000000125888000 	/Library/Java/JavaVirtualMachines/jdk1.8.0_51.jdk/Contents/Home/jre/lib/./libnet.dylib
0x0000000125ad9000 	/Library/Java/JavaVirtualMachines/jdk1.8.0_51.jdk/Contents/Home/jre/lib/libmanagement.dylib
0x0000000125b89000 	/Library/Java/JavaVirtualMachines/jdk1.8.0_51.jdk/Contents/Home/jre/lib/libsunec.dylib
0x000000012836d000 	/private/var/folders/46/qgnc0ffd1zg7j2f1n36700rrhtxynh/T/hadoop6799122848984561827.tmp
0x0000000126b95000 	/private/var/folders/46/qgnc0ffd1zg7j2f1n36700rrhtxynh/T/snappy4401714119699761401.tmp
0x00000001307b9000 	/private/var/folders/46/qgnc0ffd1zg7j2f1n36700rrhtxynh/T/sqlite-3.8.10.1-a005e427-2bac-425b-8ce0-33491bfedf19-libsqlitejdbc.jnilib
0x00000001238a8000 	/Library/Java/JavaVirtualMachines/jdk1.8.0_51.jdk/Contents/Home/jre/lib/libosx.dylib
0x00000001238b6000 	/Library/Java/JavaVirtualMachines/jdk1.8.0_51.jdk/Contents/Home/jre/lib/./libosxapp.dylib
0x0000000007e44000 	/System/Library/Frameworks/ExceptionHandling.framework/Versions/A/ExceptionHandling
0x00000001238d2000 	/Library/Java/JavaVirtualMachines/jdk1.8.0_51.jdk/Contents/Home/jre/lib/libjaas_unix.dylib
0x0000000123952000 	/Library/Java/JavaVirtualMachines/jdk1.8.0_51.jdk/Contents/Home/jre/lib/libinstrument.dylib
0x00000001238ff000 	/Library/Java/JavaVirtualMachines/jdk1.8.0_51.jdk/Contents/Home/lib/visualvm/profiler/lib/deployed/jdk16/mac/libprofilerinterface.jnilib

VM Arguments:
java_command: /Users/wtimoney/presto/presto run
java_class_path (initial): /Users/wtimoney/presto/presto
Launcher Type: SUN_STANDARD

Environment Variables:
PATH=/Users/wtimoney/.local/bin:/usr/local/sbin:/usr/local/sbin:/usr/local/bin:/usr/bin:/bin:/usr/sbin:/sbin:/Users/wtimoney/Library/Python/2.7/bin
SHELL=/bin/zsh

Signal Handlers:
SIGSEGV: [libjvm.dylib+0x58ef35], sa_mask[0]=11111111011111110111111111111111, sa_flags=SA_ONSTACK|SA_RESTART|SA_SIGINFO
SIGBUS: [libjvm.dylib+0x58ef35], sa_mask[0]=11111111011111110111111111111111, sa_flags=SA_RESTART|SA_SIGINFO
SIGFPE: [libjvm.dylib+0x46c028], sa_mask[0]=11111111011111110111111111111111, sa_flags=SA_RESTART|SA_SIGINFO
SIGPIPE: [libjvm.dylib+0x46c028], sa_mask[0]=11111111011111110111111111111111, sa_flags=SA_RESTART|SA_SIGINFO
SIGXFSZ: [libjvm.dylib+0x46c028], sa_mask[0]=11111111011111110111111111111111, sa_flags=SA_RESTART|SA_SIGINFO
SIGILL: [libjvm.dylib+0x46c028], sa_mask[0]=11111111011111110111111111111111, sa_flags=SA_RESTART|SA_SIGINFO
SIGUSR1: SIG_DFL, sa_mask[0]=00000000000000000000000000000000, sa_flags=SA_RESTART
SIGUSR2: [libjvm.dylib+0x46bb46], sa_mask[0]=00000000000000000000000000000000, sa_flags=SA_RESTART|SA_SIGINFO
SIGHUP: [libjvm.dylib+0x46a119], sa_mask[0]=11111111011111110111111111111111, sa_flags=SA_RESTART|SA_SIGINFO
SIGINT: [libjvm.dylib+0x46a119], sa_mask[0]=11111111011111110111111111111111, sa_flags=SA_RESTART|SA_SIGINFO
SIGTERM: [libjvm.dylib+0x46a119], sa_mask[0]=11111111011111110111111111111111, sa_flags=SA_RESTART|SA_SIGINFO
SIGQUIT: [libjvm.dylib+0x46a119], sa_mask[0]=11111111011111110111111111111111, sa_flags=SA_RESTART|SA_SIGINFO


---------------  S Y S T E M  ---------------

OS:Bsduname:Darwin 14.5.0 Darwin Kernel Version 14.5.0: Wed Jul 29 02:26:53 PDT 2015; root:xnu-2782.40.9~1/RELEASE_X86_64 x86_64
rlimit: STACK 8192k, CORE 0k, NPROC 709, NOFILE 10240, AS infinity
load average:5.43 9.34 6.14

CPU:total 8 (4 cores per cpu, 2 threads per core) family 6 model 58 stepping 9, cmov, cx8, fxsr, mmx, sse, sse2, sse3, ssse3, sse4.1, sse4.2, popcnt, avx, aes, clmul, erms, ht, tsc, tscinvbit, tscinv

Memory: 4k page, physical 16777216k(897956k free)

/proc/meminfo:


vm_info: Java HotSpot(TM) 64-Bit Server VM (25.51-b03) for bsd-amd64 JRE (1.8.0_51-b16), built on Jun  8 2015 18:01:11 by "java_re" with gcc 4.2.1 (Based on Apple Inc. build 5658) (LLVM build 2336.11.00)

time: Thu Aug 27 16:49:52 2015
elapsed time: 371 seconds (0d 0h 6m 11s)

